# project ns (3.30.1) configured on Fri Jun  5 16:15:25 2020 by
# waf 2.0.18 (abi 20, python 30703f0 on linux)
# using ./waf configure
#
----------------------------------------
Setting top to
/home/max/repos/reinforcement-learning-for-per-flow-buffer-sizing/ns-allinone-3.30.1/ns-3.30.1
----------------------------------------
Setting out to
/home/max/repos/reinforcement-learning-for-per-flow-buffer-sizing/ns-allinone-3.30.1/ns-3.30.1/build
----------------------------------------
Checking for 'gcc' (C compiler)
find program=['gcc', 'cc'] paths=['/home/max/.local/bin', '/usr/local/bin', '/usr/bin', '/bin', '/usr/games', '/usr/local/go/bin', '/home/max/work/bin'] var='CC' -> ['/usr/bin/gcc']
['/usr/bin/gcc', '-dM', '-E', '-']
out: #define __DBL_MIN_EXP__ (-1021)
#define __FLT32X_MAX_EXP__ 1024
#define __UINT_LEAST16_MAX__ 0xffff
#define __ATOMIC_ACQUIRE 2
#define __FLT128_MAX_10_EXP__ 4932
#define __FLT_MIN__ 1.17549435082228750796873653722224568e-38F
#define __GCC_IEC_559_COMPLEX 2
#define __UINT_LEAST8_TYPE__ unsigned char
#define __SIZEOF_FLOAT80__ 16
#define __INTMAX_C(c) c ## L
#define __CHAR_BIT__ 8
#define __UINT8_MAX__ 0xff
#define __WINT_MAX__ 0xffffffffU
#define __FLT32_MIN_EXP__ (-125)
#define __ORDER_LITTLE_ENDIAN__ 1234
#define __SIZE_MAX__ 0xffffffffffffffffUL
#define __WCHAR_MAX__ 0x7fffffff
#define __GCC_HAVE_SYNC_COMPARE_AND_SWAP_1 1
#define __GCC_HAVE_SYNC_COMPARE_AND_SWAP_2 1
#define __GCC_HAVE_SYNC_COMPARE_AND_SWAP_4 1
#define __DBL_DENORM_MIN__ ((double)4.94065645841246544176568792868221372e-324L)
#define __GCC_HAVE_SYNC_COMPARE_AND_SWAP_8 1
#define __GCC_ATOMIC_CHAR_LOCK_FREE 2
#define __GCC_IEC_559 2
#define __FLT32X_DECIMAL_DIG__ 17
#define __FLT_EVAL_METHOD__ 0
#define __unix__ 1
#define __FLT64_DECIMAL_DIG__ 17
#define __GCC_ATOMIC_CHAR32_T_LOCK_FREE 2
#define __x86_64 1
#define __UINT_FAST64_MAX__ 0xffffffffffffffffUL
#define __SIG_ATOMIC_TYPE__ int
#define __DBL_MIN_10_EXP__ (-307)
#define __FINITE_MATH_ONLY__ 0
#define __GNUC_PATCHLEVEL__ 0
#define __FLT32_HAS_DENORM__ 1
#define __UINT_FAST8_MAX__ 0xff
#define __has_include(STR) __has_include__(STR)
#define __DEC64_MAX_EXP__ 385
#define __INT8_C(c) c
#define __INT_LEAST8_WIDTH__ 8
#define __UINT_LEAST64_MAX__ 0xffffffffffffffffUL
#define __SHRT_MAX__ 0x7fff
#define __LDBL_MAX__ 1.18973149535723176502126385303097021e+4932L
#define __FLT64X_MAX_10_EXP__ 4932
#define __UINT_LEAST8_MAX__ 0xff
#define __GCC_ATOMIC_BOOL_LOCK_FREE 2
#define __FLT128_DENORM_MIN__ 6.47517511943802511092443895822764655e-4966F128
#define __UINTMAX_TYPE__ long unsigned int
#define __linux 1
#define __DEC32_EPSILON__ 1E-6DF
#define __FLT_EVAL_METHOD_TS_18661_3__ 0
#define __unix 1
#define __UINT32_MAX__ 0xffffffffU
#define __LDBL_MAX_EXP__ 16384
#define __FLT128_MIN_EXP__ (-16381)
#define __WINT_MIN__ 0U
#define __linux__ 1
#define __FLT128_MIN_10_EXP__ (-4931)
#define __INT_LEAST16_WIDTH__ 16
#define __SCHAR_MAX__ 0x7f
#define __FLT128_MANT_DIG__ 113
#define __WCHAR_MIN__ (-__WCHAR_MAX__ - 1)
#define __INT64_C(c) c ## L
#define __DBL_DIG__ 15
#define __GCC_ATOMIC_POINTER_LOCK_FREE 2
#define __FLT64X_MANT_DIG__ 64
#define __SIZEOF_INT__ 4
#define __SIZEOF_POINTER__ 8
#define __USER_LABEL_PREFIX__ 
#define __FLT64X_EPSILON__ 1.08420217248550443400745280086994171e-19F64x
#define __STDC_HOSTED__ 1
#define __LDBL_HAS_INFINITY__ 1
#define __FLT32_DIG__ 6
#define __FLT_EPSILON__ 1.19209289550781250000000000000000000e-7F
#define __SHRT_WIDTH__ 16
#define __LDBL_MIN__ 3.36210314311209350626267781732175260e-4932L
#define __STDC_UTF_16__ 1
#define __DEC32_MAX__ 9.999999E96DF
#define __FLT64X_DENORM_MIN__ 3.64519953188247460252840593361941982e-4951F64x
#define __FLT32X_HAS_INFINITY__ 1
#define __INT32_MAX__ 0x7fffffff
#define __INT_WIDTH__ 32
#define __SIZEOF_LONG__ 8
#define __STDC_IEC_559__ 1
#define __STDC_ISO_10646__ 201706L
#define __UINT16_C(c) c
#define __PTRDIFF_WIDTH__ 64
#define __DECIMAL_DIG__ 21
#define __FLT64_EPSILON__ 2.22044604925031308084726333618164062e-16F64
#define __gnu_linux__ 1
#define __INTMAX_WIDTH__ 64
#define __has_include_next(STR) __has_include_next__(STR)
#define __FLT64X_MIN_10_EXP__ (-4931)
#define __LDBL_HAS_QUIET_NAN__ 1
#define __FLT64_MANT_DIG__ 53
#define __GNUC__ 8
#define __pie__ 2
#define __MMX__ 1
#define __FLT_HAS_DENORM__ 1
#define __SIZEOF_LONG_DOUBLE__ 16
#define __BIGGEST_ALIGNMENT__ 16
#define __FLT64_MAX_10_EXP__ 308
#define __DBL_MAX__ ((double)1.79769313486231570814527423731704357e+308L)
#define __INT_FAST32_MAX__ 0x7fffffffffffffffL
#define __DBL_HAS_INFINITY__ 1
#define __DEC32_MIN_EXP__ (-94)
#define __INTPTR_WIDTH__ 64
#define __FLT32X_HAS_DENORM__ 1
#define __INT_FAST16_TYPE__ long int
#define __LDBL_HAS_DENORM__ 1
#define __FLT128_HAS_INFINITY__ 1
#define __DEC128_MAX__ 9.999999999999999999999999999999999E6144DL
#define __INT_LEAST32_MAX__ 0x7fffffff
#define __DEC32_MIN__ 1E-95DF
#define __DBL_MAX_EXP__ 1024
#define __WCHAR_WIDTH__ 32
#define __FLT32_MAX__ 3.40282346638528859811704183484516925e+38F32
#define __DEC128_EPSILON__ 1E-33DL
#define __SSE2_MATH__ 1
#define __ATOMIC_HLE_RELEASE 131072
#define __PTRDIFF_MAX__ 0x7fffffffffffffffL
#define __amd64 1
#define __ATOMIC_HLE_ACQUIRE 65536
#define __FLT32_HAS_QUIET_NAN__ 1
#define __LONG_LONG_MAX__ 0x7fffffffffffffffLL
#define __SIZEOF_SIZE_T__ 8
#define __FLT64X_MIN_EXP__ (-16381)
#define __SIZEOF_WINT_T__ 4
#define __LONG_LONG_WIDTH__ 64
#define __FLT32_MAX_EXP__ 128
#define __GCC_HAVE_DWARF2_CFI_ASM 1
#define __GXX_ABI_VERSION 1013
#define __FLT_MIN_EXP__ (-125)
#define __FLT64X_HAS_QUIET_NAN__ 1
#define __INT_FAST64_TYPE__ long int
#define __FLT64_DENORM_MIN__ 4.94065645841246544176568792868221372e-324F64
#define __DBL_MIN__ ((double)2.22507385850720138309023271733240406e-308L)
#define __PIE__ 2
#define __LP64__ 1
#define __FLT32X_EPSILON__ 2.22044604925031308084726333618164062e-16F32x
#define __DECIMAL_BID_FORMAT__ 1
#define __FLT64_MIN_EXP__ (-1021)
#define __FLT64_MIN_10_EXP__ (-307)
#define __FLT64X_DECIMAL_DIG__ 21
#define __DEC128_MIN__ 1E-6143DL
#define __REGISTER_PREFIX__ 
#define __UINT16_MAX__ 0xffff
#define __DBL_HAS_DENORM__ 1
#define __FLT32_MIN__ 1.17549435082228750796873653722224568e-38F32
#define __UINT8_TYPE__ unsigned char
#define __NO_INLINE__ 1
#define __FLT_MANT_DIG__ 24
#define __LDBL_DECIMAL_DIG__ 21
#define __VERSION__ "8.3.0"
#define __UINT64_C(c) c ## UL
#define _STDC_PREDEF_H 1
#define __GCC_ATOMIC_INT_LOCK_FREE 2
#define __FLT128_MAX_EXP__ 16384
#define __FLT32_MANT_DIG__ 24
#define __FLOAT_WORD_ORDER__ __ORDER_LITTLE_ENDIAN__
#define __STDC_IEC_559_COMPLEX__ 1
#define __FLT128_HAS_DENORM__ 1
#define __FLT128_DIG__ 33
#define __SCHAR_WIDTH__ 8
#define __INT32_C(c) c
#define __DEC64_EPSILON__ 1E-15DD
#define __ORDER_PDP_ENDIAN__ 3412
#define __DEC128_MIN_EXP__ (-6142)
#define __FLT32_MAX_10_EXP__ 38
#define __INT_FAST32_TYPE__ long int
#define __UINT_LEAST16_TYPE__ short unsigned int
#define __FLT64X_HAS_INFINITY__ 1
#define unix 1
#define __INT16_MAX__ 0x7fff
#define __SIZE_TYPE__ long unsigned int
#define __UINT64_MAX__ 0xffffffffffffffffUL
#define __FLT64X_DIG__ 18
#define __INT8_TYPE__ signed char
#define __ELF__ 1
#define __GCC_ASM_FLAG_OUTPUTS__ 1
#define __FLT_RADIX__ 2
#define __INT_LEAST16_TYPE__ short int
#define __LDBL_EPSILON__ 1.08420217248550443400745280086994171e-19L
#define __UINTMAX_C(c) c ## UL
#define __SSE_MATH__ 1
#define __k8 1
#define __SIG_ATOMIC_MAX__ 0x7fffffff
#define __GCC_ATOMIC_WCHAR_T_LOCK_FREE 2
#define __SIZEOF_PTRDIFF_T__ 8
#define __FLT32X_MANT_DIG__ 53
#define __x86_64__ 1
#define __FLT32X_MIN_EXP__ (-1021)
#define __DEC32_SUBNORMAL_MIN__ 0.000001E-95DF
#define __INT_FAST16_MAX__ 0x7fffffffffffffffL
#define __FLT64_DIG__ 15
#define __UINT_FAST32_MAX__ 0xffffffffffffffffUL
#define __UINT_LEAST64_TYPE__ long unsigned int
#define __FLT_HAS_QUIET_NAN__ 1
#define __FLT_MAX_10_EXP__ 38
#define __LONG_MAX__ 0x7fffffffffffffffL
#define __FLT64X_HAS_DENORM__ 1
#define __DEC128_SUBNORMAL_MIN__ 0.000000000000000000000000000000001E-6143DL
#define __FLT_HAS_INFINITY__ 1
#define __UINT_FAST16_TYPE__ long unsigned int
#define __DEC64_MAX__ 9.999999999999999E384DD
#define __INT_FAST32_WIDTH__ 64
#define __CHAR16_TYPE__ short unsigned int
#define __PRAGMA_REDEFINE_EXTNAME 1
#define __SIZE_WIDTH__ 64
#define __SEG_FS 1
#define __INT_LEAST16_MAX__ 0x7fff
#define __DEC64_MANT_DIG__ 16
#define __INT64_MAX__ 0x7fffffffffffffffL
#define __UINT_LEAST32_MAX__ 0xffffffffU
#define __SEG_GS 1
#define __FLT32_DENORM_MIN__ 1.40129846432481707092372958328991613e-45F32
#define __GCC_ATOMIC_LONG_LOCK_FREE 2
#define __SIG_ATOMIC_WIDTH__ 32
#define __INT_LEAST64_TYPE__ long int
#define __INT16_TYPE__ short int
#define __INT_LEAST8_TYPE__ signed char
#define __STDC_VERSION__ 201710L
#define __DEC32_MAX_EXP__ 97
#define __INT_FAST8_MAX__ 0x7f
#define __FLT128_MAX__ 1.18973149535723176508575932662800702e+4932F128
#define __INTPTR_MAX__ 0x7fffffffffffffffL
#define linux 1
#define __FLT64_HAS_QUIET_NAN__ 1
#define __FLT32_MIN_10_EXP__ (-37)
#define __SSE2__ 1
#define __FLT32X_DIG__ 15
#define __LDBL_MANT_DIG__ 64
#define __DBL_HAS_QUIET_NAN__ 1
#define __FLT64_HAS_INFINITY__ 1
#define __FLT64X_MAX__ 1.18973149535723176502126385303097021e+4932F64x
#define __SIG_ATOMIC_MIN__ (-__SIG_ATOMIC_MAX__ - 1)
#define __code_model_small__ 1
#define __k8__ 1
#define __INTPTR_TYPE__ long int
#define __UINT16_TYPE__ short unsigned int
#define __WCHAR_TYPE__ int
#define __SIZEOF_FLOAT__ 4
#define __pic__ 2
#define __UINTPTR_MAX__ 0xffffffffffffffffUL
#define __INT_FAST64_WIDTH__ 64
#define __DEC64_MIN_EXP__ (-382)
#define __FLT32_DECIMAL_DIG__ 9
#define __INT_FAST64_MAX__ 0x7fffffffffffffffL
#define __GCC_ATOMIC_TEST_AND_SET_TRUEVAL 1
#define __FLT_DIG__ 6
#define __FLT32_HAS_INFINITY__ 1
#define __FLT64X_MAX_EXP__ 16384
#define __UINT_FAST64_TYPE__ long unsigned int
#define __INT_MAX__ 0x7fffffff
#define __amd64__ 1
#define __INT64_TYPE__ long int
#define __FLT_MAX_EXP__ 128
#define __ORDER_BIG_ENDIAN__ 4321
#define __DBL_MANT_DIG__ 53
#define __SIZEOF_FLOAT128__ 16
#define __INT_LEAST64_MAX__ 0x7fffffffffffffffL
#define __GCC_ATOMIC_CHAR16_T_LOCK_FREE 2
#define __DEC64_MIN__ 1E-383DD
#define __WINT_TYPE__ unsigned int
#define __UINT_LEAST32_TYPE__ unsigned int
#define __SIZEOF_SHORT__ 2
#define __SSE__ 1
#define __LDBL_MIN_EXP__ (-16381)
#define __FLT64_MAX__ 1.79769313486231570814527423731704357e+308F64
#define __WINT_WIDTH__ 32
#define __INT_LEAST8_MAX__ 0x7f
#define __FLT32X_MAX_10_EXP__ 308
#define __SIZEOF_INT128__ 16
#define __LDBL_MAX_10_EXP__ 4932
#define __ATOMIC_RELAXED 0
#define __DBL_EPSILON__ ((double)2.22044604925031308084726333618164062e-16L)
#define __FLT128_MIN__ 3.36210314311209350626267781732175260e-4932F128
#define _LP64 1
#define __UINT8_C(c) c
#define __FLT64_MAX_EXP__ 1024
#define __INT_LEAST32_TYPE__ int
#define __SIZEOF_WCHAR_T__ 4
#define __UINT64_TYPE__ long unsigned int
#define __FLT128_HAS_QUIET_NAN__ 1
#define __INT_FAST8_TYPE__ signed char
#define __FLT64X_MIN__ 3.36210314311209350626267781732175260e-4932F64x
#define __GNUC_STDC_INLINE__ 1
#define __FLT64_HAS_DENORM__ 1
#define __FLT32_EPSILON__ 1.19209289550781250000000000000000000e-7F32
#define __DBL_DECIMAL_DIG__ 17
#define __STDC_UTF_32__ 1
#define __INT_FAST8_WIDTH__ 8
#define __FXSR__ 1
#define __DEC_EVAL_METHOD__ 2
#define __FLT32X_MAX__ 1.79769313486231570814527423731704357e+308F32x
#define __UINT32_C(c) c ## U
#define __INTMAX_MAX__ 0x7fffffffffffffffL
#define __BYTE_ORDER__ __ORDER_LITTLE_ENDIAN__
#define __FLT_DENORM_MIN__ 1.40129846432481707092372958328991613e-45F
#define __INT8_MAX__ 0x7f
#define __LONG_WIDTH__ 64
#define __PIC__ 2
#define __UINT_FAST32_TYPE__ long unsigned int
#define __CHAR32_TYPE__ unsigned int
#define __FLT_MAX__ 3.40282346638528859811704183484516925e+38F
#define __INT32_TYPE__ int
#define __SIZEOF_DOUBLE__ 8
#define __FLT_MIN_10_EXP__ (-37)
#define __FLT64_MIN__ 2.22507385850720138309023271733240406e-308F64
#define __INT_LEAST32_WIDTH__ 32
#define __INTMAX_TYPE__ long int
#define __DEC128_MAX_EXP__ 6145
#define __FLT32X_HAS_QUIET_NAN__ 1
#define __ATOMIC_CONSUME 1
#define __GNUC_MINOR__ 3
#define __INT_FAST16_WIDTH__ 64
#define __UINTMAX_MAX__ 0xffffffffffffffffUL
#define __DEC32_MANT_DIG__ 7
#define __FLT32X_DENORM_MIN__ 4.94065645841246544176568792868221372e-324F32x
#define __DBL_MAX_10_EXP__ 308
#define __LDBL_DENORM_MIN__ 3.64519953188247460252840593361941982e-4951L
#define __INT16_C(c) c
#define __STDC__ 1
#define __PTRDIFF_TYPE__ long int
#define __ATOMIC_SEQ_CST 5
#define __UINT32_TYPE__ unsigned int
#define __FLT32X_MIN_10_EXP__ (-307)
#define __UINTPTR_TYPE__ long unsigned int
#define __DEC64_SUBNORMAL_MIN__ 0.000000000000001E-383DD
#define __DEC128_MANT_DIG__ 34
#define __LDBL_MIN_10_EXP__ (-4931)
#define __FLT128_EPSILON__ 1.92592994438723585305597794258492732e-34F128
#define __SIZEOF_LONG_LONG__ 8
#define __FLT128_DECIMAL_DIG__ 36
#define __GCC_ATOMIC_LLONG_LOCK_FREE 2
#define __FLT32X_MIN__ 2.22507385850720138309023271733240406e-308F32x
#define __LDBL_DIG__ 18
#define __FLT_DECIMAL_DIG__ 9
#define __UINT_FAST16_MAX__ 0xffffffffffffffffUL
#define __GCC_ATOMIC_SHORT_LOCK_FREE 2
#define __INT_LEAST64_WIDTH__ 64
#define __UINT_FAST8_TYPE__ unsigned char
#define __ATOMIC_ACQ_REL 4
#define __ATOMIC_RELEASE 3

find program=['ar'] paths=['/home/max/.local/bin', '/usr/local/bin', '/usr/bin', '/bin', '/usr/games', '/usr/local/go/bin', '/home/max/work/bin'] var='AR' -> ['/usr/bin/ar']
/usr/bin/gcc
----------------------------------------
Checking for cc version
8.3.0
----------------------------------------
Checking for 'g++' (C++ compiler)
find program=['g++', 'c++'] paths=['/home/max/.local/bin', '/usr/local/bin', '/usr/bin', '/bin', '/usr/games', '/usr/local/go/bin', '/home/max/work/bin'] var='CXX' -> ['/usr/bin/g++']
['/usr/bin/g++', '-dM', '-E', '-']
out: #define __DBL_MIN_EXP__ (-1021)
#define __FLT32X_MAX_EXP__ 1024
#define __UINT_LEAST16_MAX__ 0xffff
#define __ATOMIC_ACQUIRE 2
#define __FLT128_MAX_10_EXP__ 4932
#define __FLT_MIN__ 1.17549435082228750796873653722224568e-38F
#define __GCC_IEC_559_COMPLEX 2
#define __UINT_LEAST8_TYPE__ unsigned char
#define __SIZEOF_FLOAT80__ 16
#define __INTMAX_C(c) c ## L
#define __CHAR_BIT__ 8
#define __UINT8_MAX__ 0xff
#define __WINT_MAX__ 0xffffffffU
#define __FLT32_MIN_EXP__ (-125)
#define __ORDER_LITTLE_ENDIAN__ 1234
#define __SIZE_MAX__ 0xffffffffffffffffUL
#define __WCHAR_MAX__ 0x7fffffff
#define __GCC_HAVE_SYNC_COMPARE_AND_SWAP_1 1
#define __GCC_HAVE_SYNC_COMPARE_AND_SWAP_2 1
#define __GCC_HAVE_SYNC_COMPARE_AND_SWAP_4 1
#define __DBL_DENORM_MIN__ ((double)4.94065645841246544176568792868221372e-324L)
#define __GCC_HAVE_SYNC_COMPARE_AND_SWAP_8 1
#define __GCC_ATOMIC_CHAR_LOCK_FREE 2
#define __GCC_IEC_559 2
#define __FLT32X_DECIMAL_DIG__ 17
#define __FLT_EVAL_METHOD__ 0
#define __unix__ 1
#define __FLT64_DECIMAL_DIG__ 17
#define __GCC_ATOMIC_CHAR32_T_LOCK_FREE 2
#define __x86_64 1
#define __UINT_FAST64_MAX__ 0xffffffffffffffffUL
#define __SIG_ATOMIC_TYPE__ int
#define __DBL_MIN_10_EXP__ (-307)
#define __FINITE_MATH_ONLY__ 0
#define __GNUC_PATCHLEVEL__ 0
#define __FLT32_HAS_DENORM__ 1
#define __UINT_FAST8_MAX__ 0xff
#define __has_include(STR) __has_include__(STR)
#define __DEC64_MAX_EXP__ 385
#define __INT8_C(c) c
#define __INT_LEAST8_WIDTH__ 8
#define __UINT_LEAST64_MAX__ 0xffffffffffffffffUL
#define __SHRT_MAX__ 0x7fff
#define __LDBL_MAX__ 1.18973149535723176502126385303097021e+4932L
#define __FLT64X_MAX_10_EXP__ 4932
#define __UINT_LEAST8_MAX__ 0xff
#define __GCC_ATOMIC_BOOL_LOCK_FREE 2
#define __FLT128_DENORM_MIN__ 6.47517511943802511092443895822764655e-4966F128
#define __UINTMAX_TYPE__ long unsigned int
#define __linux 1
#define __DEC32_EPSILON__ 1E-6DF
#define __FLT_EVAL_METHOD_TS_18661_3__ 0
#define __unix 1
#define __UINT32_MAX__ 0xffffffffU
#define __LDBL_MAX_EXP__ 16384
#define __FLT128_MIN_EXP__ (-16381)
#define __WINT_MIN__ 0U
#define __linux__ 1
#define __FLT128_MIN_10_EXP__ (-4931)
#define __INT_LEAST16_WIDTH__ 16
#define __SCHAR_MAX__ 0x7f
#define __FLT128_MANT_DIG__ 113
#define __WCHAR_MIN__ (-__WCHAR_MAX__ - 1)
#define __INT64_C(c) c ## L
#define __DBL_DIG__ 15
#define __GCC_ATOMIC_POINTER_LOCK_FREE 2
#define __FLT64X_MANT_DIG__ 64
#define __SIZEOF_INT__ 4
#define __SIZEOF_POINTER__ 8
#define __USER_LABEL_PREFIX__ 
#define __FLT64X_EPSILON__ 1.08420217248550443400745280086994171e-19F64x
#define __STDC_HOSTED__ 1
#define __LDBL_HAS_INFINITY__ 1
#define __FLT32_DIG__ 6
#define __FLT_EPSILON__ 1.19209289550781250000000000000000000e-7F
#define __SHRT_WIDTH__ 16
#define __LDBL_MIN__ 3.36210314311209350626267781732175260e-4932L
#define __STDC_UTF_16__ 1
#define __DEC32_MAX__ 9.999999E96DF
#define __FLT64X_DENORM_MIN__ 3.64519953188247460252840593361941982e-4951F64x
#define __FLT32X_HAS_INFINITY__ 1
#define __INT32_MAX__ 0x7fffffff
#define __INT_WIDTH__ 32
#define __SIZEOF_LONG__ 8
#define __STDC_IEC_559__ 1
#define __STDC_ISO_10646__ 201706L
#define __UINT16_C(c) c
#define __PTRDIFF_WIDTH__ 64
#define __DECIMAL_DIG__ 21
#define __FLT64_EPSILON__ 2.22044604925031308084726333618164062e-16F64
#define __gnu_linux__ 1
#define __INTMAX_WIDTH__ 64
#define __has_include_next(STR) __has_include_next__(STR)
#define __FLT64X_MIN_10_EXP__ (-4931)
#define __LDBL_HAS_QUIET_NAN__ 1
#define __FLT64_MANT_DIG__ 53
#define __GNUC__ 8
#define __pie__ 2
#define __MMX__ 1
#define __FLT_HAS_DENORM__ 1
#define __SIZEOF_LONG_DOUBLE__ 16
#define __BIGGEST_ALIGNMENT__ 16
#define __FLT64_MAX_10_EXP__ 308
#define __DBL_MAX__ ((double)1.79769313486231570814527423731704357e+308L)
#define __INT_FAST32_MAX__ 0x7fffffffffffffffL
#define __DBL_HAS_INFINITY__ 1
#define __DEC32_MIN_EXP__ (-94)
#define __INTPTR_WIDTH__ 64
#define __FLT32X_HAS_DENORM__ 1
#define __INT_FAST16_TYPE__ long int
#define __LDBL_HAS_DENORM__ 1
#define __FLT128_HAS_INFINITY__ 1
#define __DEC128_MAX__ 9.999999999999999999999999999999999E6144DL
#define __INT_LEAST32_MAX__ 0x7fffffff
#define __DEC32_MIN__ 1E-95DF
#define __DBL_MAX_EXP__ 1024
#define __WCHAR_WIDTH__ 32
#define __FLT32_MAX__ 3.40282346638528859811704183484516925e+38F32
#define __DEC128_EPSILON__ 1E-33DL
#define __SSE2_MATH__ 1
#define __ATOMIC_HLE_RELEASE 131072
#define __PTRDIFF_MAX__ 0x7fffffffffffffffL
#define __amd64 1
#define __ATOMIC_HLE_ACQUIRE 65536
#define __FLT32_HAS_QUIET_NAN__ 1
#define __LONG_LONG_MAX__ 0x7fffffffffffffffLL
#define __SIZEOF_SIZE_T__ 8
#define __FLT64X_MIN_EXP__ (-16381)
#define __SIZEOF_WINT_T__ 4
#define __LONG_LONG_WIDTH__ 64
#define __FLT32_MAX_EXP__ 128
#define __GCC_HAVE_DWARF2_CFI_ASM 1
#define __GXX_ABI_VERSION 1013
#define __FLT_MIN_EXP__ (-125)
#define __FLT64X_HAS_QUIET_NAN__ 1
#define __INT_FAST64_TYPE__ long int
#define __FLT64_DENORM_MIN__ 4.94065645841246544176568792868221372e-324F64
#define __DBL_MIN__ ((double)2.22507385850720138309023271733240406e-308L)
#define __PIE__ 2
#define __LP64__ 1
#define __FLT32X_EPSILON__ 2.22044604925031308084726333618164062e-16F32x
#define __DECIMAL_BID_FORMAT__ 1
#define __FLT64_MIN_EXP__ (-1021)
#define __FLT64_MIN_10_EXP__ (-307)
#define __FLT64X_DECIMAL_DIG__ 21
#define __DEC128_MIN__ 1E-6143DL
#define __REGISTER_PREFIX__ 
#define __UINT16_MAX__ 0xffff
#define __DBL_HAS_DENORM__ 1
#define __FLT32_MIN__ 1.17549435082228750796873653722224568e-38F32
#define __UINT8_TYPE__ unsigned char
#define __NO_INLINE__ 1
#define __FLT_MANT_DIG__ 24
#define __LDBL_DECIMAL_DIG__ 21
#define __VERSION__ "8.3.0"
#define __UINT64_C(c) c ## UL
#define _STDC_PREDEF_H 1
#define __GCC_ATOMIC_INT_LOCK_FREE 2
#define __FLT128_MAX_EXP__ 16384
#define __FLT32_MANT_DIG__ 24
#define __FLOAT_WORD_ORDER__ __ORDER_LITTLE_ENDIAN__
#define __STDC_IEC_559_COMPLEX__ 1
#define __FLT128_HAS_DENORM__ 1
#define __FLT128_DIG__ 33
#define __SCHAR_WIDTH__ 8
#define __INT32_C(c) c
#define __DEC64_EPSILON__ 1E-15DD
#define __ORDER_PDP_ENDIAN__ 3412
#define __DEC128_MIN_EXP__ (-6142)
#define __FLT32_MAX_10_EXP__ 38
#define __INT_FAST32_TYPE__ long int
#define __UINT_LEAST16_TYPE__ short unsigned int
#define __FLT64X_HAS_INFINITY__ 1
#define unix 1
#define __INT16_MAX__ 0x7fff
#define __SIZE_TYPE__ long unsigned int
#define __UINT64_MAX__ 0xffffffffffffffffUL
#define __FLT64X_DIG__ 18
#define __INT8_TYPE__ signed char
#define __ELF__ 1
#define __GCC_ASM_FLAG_OUTPUTS__ 1
#define __FLT_RADIX__ 2
#define __INT_LEAST16_TYPE__ short int
#define __LDBL_EPSILON__ 1.08420217248550443400745280086994171e-19L
#define __UINTMAX_C(c) c ## UL
#define __SSE_MATH__ 1
#define __k8 1
#define __SIG_ATOMIC_MAX__ 0x7fffffff
#define __GCC_ATOMIC_WCHAR_T_LOCK_FREE 2
#define __SIZEOF_PTRDIFF_T__ 8
#define __FLT32X_MANT_DIG__ 53
#define __x86_64__ 1
#define __FLT32X_MIN_EXP__ (-1021)
#define __DEC32_SUBNORMAL_MIN__ 0.000001E-95DF
#define __INT_FAST16_MAX__ 0x7fffffffffffffffL
#define __FLT64_DIG__ 15
#define __UINT_FAST32_MAX__ 0xffffffffffffffffUL
#define __UINT_LEAST64_TYPE__ long unsigned int
#define __FLT_HAS_QUIET_NAN__ 1
#define __FLT_MAX_10_EXP__ 38
#define __LONG_MAX__ 0x7fffffffffffffffL
#define __FLT64X_HAS_DENORM__ 1
#define __DEC128_SUBNORMAL_MIN__ 0.000000000000000000000000000000001E-6143DL
#define __FLT_HAS_INFINITY__ 1
#define __UINT_FAST16_TYPE__ long unsigned int
#define __DEC64_MAX__ 9.999999999999999E384DD
#define __INT_FAST32_WIDTH__ 64
#define __CHAR16_TYPE__ short unsigned int
#define __PRAGMA_REDEFINE_EXTNAME 1
#define __SIZE_WIDTH__ 64
#define __SEG_FS 1
#define __INT_LEAST16_MAX__ 0x7fff
#define __DEC64_MANT_DIG__ 16
#define __INT64_MAX__ 0x7fffffffffffffffL
#define __UINT_LEAST32_MAX__ 0xffffffffU
#define __SEG_GS 1
#define __FLT32_DENORM_MIN__ 1.40129846432481707092372958328991613e-45F32
#define __GCC_ATOMIC_LONG_LOCK_FREE 2
#define __SIG_ATOMIC_WIDTH__ 32
#define __INT_LEAST64_TYPE__ long int
#define __INT16_TYPE__ short int
#define __INT_LEAST8_TYPE__ signed char
#define __STDC_VERSION__ 201710L
#define __DEC32_MAX_EXP__ 97
#define __INT_FAST8_MAX__ 0x7f
#define __FLT128_MAX__ 1.18973149535723176508575932662800702e+4932F128
#define __INTPTR_MAX__ 0x7fffffffffffffffL
#define linux 1
#define __FLT64_HAS_QUIET_NAN__ 1
#define __FLT32_MIN_10_EXP__ (-37)
#define __SSE2__ 1
#define __FLT32X_DIG__ 15
#define __LDBL_MANT_DIG__ 64
#define __DBL_HAS_QUIET_NAN__ 1
#define __FLT64_HAS_INFINITY__ 1
#define __FLT64X_MAX__ 1.18973149535723176502126385303097021e+4932F64x
#define __SIG_ATOMIC_MIN__ (-__SIG_ATOMIC_MAX__ - 1)
#define __code_model_small__ 1
#define __k8__ 1
#define __INTPTR_TYPE__ long int
#define __UINT16_TYPE__ short unsigned int
#define __WCHAR_TYPE__ int
#define __SIZEOF_FLOAT__ 4
#define __pic__ 2
#define __UINTPTR_MAX__ 0xffffffffffffffffUL
#define __INT_FAST64_WIDTH__ 64
#define __DEC64_MIN_EXP__ (-382)
#define __FLT32_DECIMAL_DIG__ 9
#define __INT_FAST64_MAX__ 0x7fffffffffffffffL
#define __GCC_ATOMIC_TEST_AND_SET_TRUEVAL 1
#define __FLT_DIG__ 6
#define __FLT32_HAS_INFINITY__ 1
#define __FLT64X_MAX_EXP__ 16384
#define __UINT_FAST64_TYPE__ long unsigned int
#define __INT_MAX__ 0x7fffffff
#define __amd64__ 1
#define __INT64_TYPE__ long int
#define __FLT_MAX_EXP__ 128
#define __ORDER_BIG_ENDIAN__ 4321
#define __DBL_MANT_DIG__ 53
#define __SIZEOF_FLOAT128__ 16
#define __INT_LEAST64_MAX__ 0x7fffffffffffffffL
#define __GCC_ATOMIC_CHAR16_T_LOCK_FREE 2
#define __DEC64_MIN__ 1E-383DD
#define __WINT_TYPE__ unsigned int
#define __UINT_LEAST32_TYPE__ unsigned int
#define __SIZEOF_SHORT__ 2
#define __SSE__ 1
#define __LDBL_MIN_EXP__ (-16381)
#define __FLT64_MAX__ 1.79769313486231570814527423731704357e+308F64
#define __WINT_WIDTH__ 32
#define __INT_LEAST8_MAX__ 0x7f
#define __FLT32X_MAX_10_EXP__ 308
#define __SIZEOF_INT128__ 16
#define __LDBL_MAX_10_EXP__ 4932
#define __ATOMIC_RELAXED 0
#define __DBL_EPSILON__ ((double)2.22044604925031308084726333618164062e-16L)
#define __FLT128_MIN__ 3.36210314311209350626267781732175260e-4932F128
#define _LP64 1
#define __UINT8_C(c) c
#define __FLT64_MAX_EXP__ 1024
#define __INT_LEAST32_TYPE__ int
#define __SIZEOF_WCHAR_T__ 4
#define __UINT64_TYPE__ long unsigned int
#define __FLT128_HAS_QUIET_NAN__ 1
#define __INT_FAST8_TYPE__ signed char
#define __FLT64X_MIN__ 3.36210314311209350626267781732175260e-4932F64x
#define __GNUC_STDC_INLINE__ 1
#define __FLT64_HAS_DENORM__ 1
#define __FLT32_EPSILON__ 1.19209289550781250000000000000000000e-7F32
#define __DBL_DECIMAL_DIG__ 17
#define __STDC_UTF_32__ 1
#define __INT_FAST8_WIDTH__ 8
#define __FXSR__ 1
#define __DEC_EVAL_METHOD__ 2
#define __FLT32X_MAX__ 1.79769313486231570814527423731704357e+308F32x
#define __UINT32_C(c) c ## U
#define __INTMAX_MAX__ 0x7fffffffffffffffL
#define __BYTE_ORDER__ __ORDER_LITTLE_ENDIAN__
#define __FLT_DENORM_MIN__ 1.40129846432481707092372958328991613e-45F
#define __INT8_MAX__ 0x7f
#define __LONG_WIDTH__ 64
#define __PIC__ 2
#define __UINT_FAST32_TYPE__ long unsigned int
#define __CHAR32_TYPE__ unsigned int
#define __FLT_MAX__ 3.40282346638528859811704183484516925e+38F
#define __INT32_TYPE__ int
#define __SIZEOF_DOUBLE__ 8
#define __FLT_MIN_10_EXP__ (-37)
#define __FLT64_MIN__ 2.22507385850720138309023271733240406e-308F64
#define __INT_LEAST32_WIDTH__ 32
#define __INTMAX_TYPE__ long int
#define __DEC128_MAX_EXP__ 6145
#define __FLT32X_HAS_QUIET_NAN__ 1
#define __ATOMIC_CONSUME 1
#define __GNUC_MINOR__ 3
#define __INT_FAST16_WIDTH__ 64
#define __UINTMAX_MAX__ 0xffffffffffffffffUL
#define __DEC32_MANT_DIG__ 7
#define __FLT32X_DENORM_MIN__ 4.94065645841246544176568792868221372e-324F32x
#define __DBL_MAX_10_EXP__ 308
#define __LDBL_DENORM_MIN__ 3.64519953188247460252840593361941982e-4951L
#define __INT16_C(c) c
#define __STDC__ 1
#define __PTRDIFF_TYPE__ long int
#define __ATOMIC_SEQ_CST 5
#define __UINT32_TYPE__ unsigned int
#define __FLT32X_MIN_10_EXP__ (-307)
#define __UINTPTR_TYPE__ long unsigned int
#define __DEC64_SUBNORMAL_MIN__ 0.000000000000001E-383DD
#define __DEC128_MANT_DIG__ 34
#define __LDBL_MIN_10_EXP__ (-4931)
#define __FLT128_EPSILON__ 1.92592994438723585305597794258492732e-34F128
#define __SIZEOF_LONG_LONG__ 8
#define __FLT128_DECIMAL_DIG__ 36
#define __GCC_ATOMIC_LLONG_LOCK_FREE 2
#define __FLT32X_MIN__ 2.22507385850720138309023271733240406e-308F32x
#define __LDBL_DIG__ 18
#define __FLT_DECIMAL_DIG__ 9
#define __UINT_FAST16_MAX__ 0xffffffffffffffffUL
#define __GCC_ATOMIC_SHORT_LOCK_FREE 2
#define __INT_LEAST64_WIDTH__ 64
#define __UINT_FAST8_TYPE__ unsigned char
#define __ATOMIC_ACQ_REL 4
#define __ATOMIC_RELEASE 3

find program=['ar'] paths=['/home/max/.local/bin', '/usr/local/bin', '/usr/bin', '/bin', '/usr/games', '/usr/local/go/bin', '/home/max/work/bin'] var='AR' -> ['/usr/bin/ar']
/usr/bin/g++
---------------------------------------------------
Checking for compilation flag -march=native support
==>
int main() { return 0; }
<==
[1/1] Compiling [32mbuild/.conf_check_92724e97d2a8131cdbabec48e168cdc4/test.cpp[0m

['/usr/bin/g++', '-D_GLIBCXX_USE_CXX11_ABI=0', '-march=native', '-I/home/max/repos/reinforcement-learning-for-per-flow-buffer-sizing/libtorch/include', '-I/home/max/repos/reinforcement-learning-for-per-flow-buffer-sizing/libtorch/include/torch/csrc/api/include', '-DNS3_BUILD_PROFILE_OPTIMIZED', '../test.cpp', '-c', '-o/home/max/repos/reinforcement-learning-for-per-flow-buffer-sizing/ns-allinone-3.30.1/ns-3.30.1/build/.conf_check_92724e97d2a8131cdbabec48e168cdc4/testbuild/test.cpp.1.o']
ok
------------------------------------------------------
Checking for compilation flag -Wl,--soname=foo support
==>
int main() { return 0; }
<==
[1/1] Compiling [32mbuild/.conf_check_92724e97d2a8131cdbabec48e168cdc4/test.cpp[0m

['/usr/bin/g++', '-D_GLIBCXX_USE_CXX11_ABI=0', '-march=native', '-fstrict-overflow', '-Wstrict-overflow=2', '-Wl,--soname=foo', '-I/home/max/repos/reinforcement-learning-for-per-flow-buffer-sizing/libtorch/include', '-I/home/max/repos/reinforcement-learning-for-per-flow-buffer-sizing/libtorch/include/torch/csrc/api/include', '-DNS3_BUILD_PROFILE_OPTIMIZED', '../test.cpp', '-c', '-o/home/max/repos/reinforcement-learning-for-per-flow-buffer-sizing/ns-allinone-3.30.1/ns-3.30.1/build/.conf_check_92724e97d2a8131cdbabec48e168cdc4/testbuild/test.cpp.1.o']
ok
------------------------------------------------------
Checking for compilation flag -std=c++14 support
==>
int main() { return 0; }
<==
[1/1] Compiling [32mbuild/.conf_check_92724e97d2a8131cdbabec48e168cdc4/test.cpp[0m

['/usr/bin/g++', '-D_GLIBCXX_USE_CXX11_ABI=0', '-march=native', '-fstrict-overflow', '-Wstrict-overflow=2', '-std=c++14', '-I/home/max/repos/reinforcement-learning-for-per-flow-buffer-sizing/libtorch/include', '-I/home/max/repos/reinforcement-learning-for-per-flow-buffer-sizing/libtorch/include/torch/csrc/api/include', '-DNS3_BUILD_PROFILE_OPTIMIZED', '../test.cpp', '-c', '-o/home/max/repos/reinforcement-learning-for-per-flow-buffer-sizing/ns-allinone-3.30.1/ns-3.30.1/build/.conf_check_92724e97d2a8131cdbabec48e168cdc4/testbuild/test.cpp.1.o']
ok
------------------------------------------------------
Checking boost includes
1_67
------------------------------------------------------
Checking boost libs
Found the boost path in /usr/lib/x86_64-linux-gnu with the libraries:
    /usr/lib/x86_64-linux-gnu/libboost_atomic.so.1.67.0
    /usr/lib/x86_64-linux-gnu/libboost_chrono.so.1.67.0
    /usr/lib/x86_64-linux-gnu/libboost_date_time.a
    /usr/lib/x86_64-linux-gnu/libboost_date_time.so
    /usr/lib/x86_64-linux-gnu/libboost_date_time.so.1.67.0
    /usr/lib/x86_64-linux-gnu/libboost_filesystem.so.1.67.0
    /usr/lib/x86_64-linux-gnu/libboost_iostreams.so.1.67.0
    /usr/lib/x86_64-linux-gnu/libboost_locale.so.1.67.0
    /usr/lib/x86_64-linux-gnu/libboost_math_c99.a
    /usr/lib/x86_64-linux-gnu/libboost_math_c99.so
    /usr/lib/x86_64-linux-gnu/libboost_math_c99.so.1.67.0
    /usr/lib/x86_64-linux-gnu/libboost_math_c99f.a
    /usr/lib/x86_64-linux-gnu/libboost_math_c99f.so
    /usr/lib/x86_64-linux-gnu/libboost_math_c99f.so.1.67.0
    /usr/lib/x86_64-linux-gnu/libboost_math_c99l.a
    /usr/lib/x86_64-linux-gnu/libboost_math_c99l.so
    /usr/lib/x86_64-linux-gnu/libboost_math_c99l.so.1.67.0
    /usr/lib/x86_64-linux-gnu/libboost_math_tr1.a
    /usr/lib/x86_64-linux-gnu/libboost_math_tr1.so
    /usr/lib/x86_64-linux-gnu/libboost_math_tr1.so.1.67.0
    /usr/lib/x86_64-linux-gnu/libboost_math_tr1f.a
    /usr/lib/x86_64-linux-gnu/libboost_math_tr1f.so
    /usr/lib/x86_64-linux-gnu/libboost_math_tr1f.so.1.67.0
    /usr/lib/x86_64-linux-gnu/libboost_math_tr1l.a
    /usr/lib/x86_64-linux-gnu/libboost_math_tr1l.so
    /usr/lib/x86_64-linux-gnu/libboost_math_tr1l.so.1.67.0
    /usr/lib/x86_64-linux-gnu/libboost_python.a
    /usr/lib/x86_64-linux-gnu/libboost_python.so
    /usr/lib/x86_64-linux-gnu/libboost_python27.a
    /usr/lib/x86_64-linux-gnu/libboost_python27.so
    /usr/lib/x86_64-linux-gnu/libboost_python27.so.1.67.0
    /usr/lib/x86_64-linux-gnu/libboost_python3-py37.a
    /usr/lib/x86_64-linux-gnu/libboost_python3-py37.so
    /usr/lib/x86_64-linux-gnu/libboost_python3.a
    /usr/lib/x86_64-linux-gnu/libboost_python3.so
    /usr/lib/x86_64-linux-gnu/libboost_python37.a
    /usr/lib/x86_64-linux-gnu/libboost_python37.so
    /usr/lib/x86_64-linux-gnu/libboost_python37.so.1.67.0
    /usr/lib/x86_64-linux-gnu/libboost_regex.a
    /usr/lib/x86_64-linux-gnu/libboost_regex.so
    /usr/lib/x86_64-linux-gnu/libboost_regex.so.1.67.0
    /usr/lib/x86_64-linux-gnu/libboost_serialization.a
    /usr/lib/x86_64-linux-gnu/libboost_serialization.so
    /usr/lib/x86_64-linux-gnu/libboost_serialization.so.1.67.0
    /usr/lib/x86_64-linux-gnu/libboost_system.a
    /usr/lib/x86_64-linux-gnu/libboost_system.so
    /usr/lib/x86_64-linux-gnu/libboost_system.so.1.67.0
    /usr/lib/x86_64-linux-gnu/libboost_thread.so.1.67.0
    /usr/lib/x86_64-linux-gnu/libboost_wserialization.a
    /usr/lib/x86_64-linux-gnu/libboost_wserialization.so
    /usr/lib/x86_64-linux-gnu/libboost_wserialization.so.1.67.0
Trying pattern boost_system(-gcc[0-9]{0,3})-1_67.so$
Trying pattern boost_system-1_67.so$
Trying pattern boost_system(-gcc[0-9]{0,3}).so$
Trying pattern boost_system.so$
Found boost lib /usr/lib/x86_64-linux-gnu/libboost_system.so
Trying pattern boost_signals(-gcc[0-9]{0,3})-1_67.so$
Trying pattern boost_signals-1_67.so$
Trying pattern boost_signals(-gcc[0-9]{0,3}).so$
Trying pattern boost_signals.so$
Trying pattern boost_signals.so$
Trying pattern boost_signals
lib signals not found in /usr/lib/x86_64-linux-gnu
from /home/max/repos/reinforcement-learning-for-per-flow-buffer-sizing/ns-allinone-3.30.1/ns-3.30.1: The configuration failed
------------------------------------------------------
Checking boost includes
1_67
------------------------------------------------------
Checking boost libs
Found the boost path in /usr/lib/x86_64-linux-gnu with the libraries:
    /usr/lib/x86_64-linux-gnu/libboost_atomic.so.1.67.0
    /usr/lib/x86_64-linux-gnu/libboost_chrono.so.1.67.0
    /usr/lib/x86_64-linux-gnu/libboost_date_time.a
    /usr/lib/x86_64-linux-gnu/libboost_date_time.so
    /usr/lib/x86_64-linux-gnu/libboost_date_time.so.1.67.0
    /usr/lib/x86_64-linux-gnu/libboost_filesystem.so.1.67.0
    /usr/lib/x86_64-linux-gnu/libboost_iostreams.so.1.67.0
    /usr/lib/x86_64-linux-gnu/libboost_locale.so.1.67.0
    /usr/lib/x86_64-linux-gnu/libboost_math_c99.a
    /usr/lib/x86_64-linux-gnu/libboost_math_c99.so
    /usr/lib/x86_64-linux-gnu/libboost_math_c99.so.1.67.0
    /usr/lib/x86_64-linux-gnu/libboost_math_c99f.a
    /usr/lib/x86_64-linux-gnu/libboost_math_c99f.so
    /usr/lib/x86_64-linux-gnu/libboost_math_c99f.so.1.67.0
    /usr/lib/x86_64-linux-gnu/libboost_math_c99l.a
    /usr/lib/x86_64-linux-gnu/libboost_math_c99l.so
    /usr/lib/x86_64-linux-gnu/libboost_math_c99l.so.1.67.0
    /usr/lib/x86_64-linux-gnu/libboost_math_tr1.a
    /usr/lib/x86_64-linux-gnu/libboost_math_tr1.so
    /usr/lib/x86_64-linux-gnu/libboost_math_tr1.so.1.67.0
    /usr/lib/x86_64-linux-gnu/libboost_math_tr1f.a
    /usr/lib/x86_64-linux-gnu/libboost_math_tr1f.so
    /usr/lib/x86_64-linux-gnu/libboost_math_tr1f.so.1.67.0
    /usr/lib/x86_64-linux-gnu/libboost_math_tr1l.a
    /usr/lib/x86_64-linux-gnu/libboost_math_tr1l.so
    /usr/lib/x86_64-linux-gnu/libboost_math_tr1l.so.1.67.0
    /usr/lib/x86_64-linux-gnu/libboost_python.a
    /usr/lib/x86_64-linux-gnu/libboost_python.so
    /usr/lib/x86_64-linux-gnu/libboost_python27.a
    /usr/lib/x86_64-linux-gnu/libboost_python27.so
    /usr/lib/x86_64-linux-gnu/libboost_python27.so.1.67.0
    /usr/lib/x86_64-linux-gnu/libboost_python3-py37.a
    /usr/lib/x86_64-linux-gnu/libboost_python3-py37.so
    /usr/lib/x86_64-linux-gnu/libboost_python3.a
    /usr/lib/x86_64-linux-gnu/libboost_python3.so
    /usr/lib/x86_64-linux-gnu/libboost_python37.a
    /usr/lib/x86_64-linux-gnu/libboost_python37.so
    /usr/lib/x86_64-linux-gnu/libboost_python37.so.1.67.0
    /usr/lib/x86_64-linux-gnu/libboost_regex.a
    /usr/lib/x86_64-linux-gnu/libboost_regex.so
    /usr/lib/x86_64-linux-gnu/libboost_regex.so.1.67.0
    /usr/lib/x86_64-linux-gnu/libboost_serialization.a
    /usr/lib/x86_64-linux-gnu/libboost_serialization.so
    /usr/lib/x86_64-linux-gnu/libboost_serialization.so.1.67.0
    /usr/lib/x86_64-linux-gnu/libboost_system.a
    /usr/lib/x86_64-linux-gnu/libboost_system.so
    /usr/lib/x86_64-linux-gnu/libboost_system.so.1.67.0
    /usr/lib/x86_64-linux-gnu/libboost_thread.so.1.67.0
    /usr/lib/x86_64-linux-gnu/libboost_wserialization.a
    /usr/lib/x86_64-linux-gnu/libboost_wserialization.so
    /usr/lib/x86_64-linux-gnu/libboost_wserialization.so.1.67.0
Trying pattern boost_system(-gcc[0-9]{0,3})-1_67.so$
Trying pattern boost_system-1_67.so$
Trying pattern boost_system(-gcc[0-9]{0,3}).so$
Trying pattern boost_system.so$
Found boost lib /usr/lib/x86_64-linux-gnu/libboost_system.so
Trying pattern boost_signals(-gcc[0-9]{0,3})-1_67.so$
Trying pattern boost_signals-1_67.so$
Trying pattern boost_signals(-gcc[0-9]{0,3}).so$
Trying pattern boost_signals.so$
Trying pattern boost_signals.so$
Trying pattern boost_signals
lib signals not found in /usr/lib/x86_64-linux-gnu
from /home/max/repos/reinforcement-learning-for-per-flow-buffer-sizing/ns-allinone-3.30.1/ns-3.30.1: The configuration failed
------------------------------------------------------
Checking for program 'python'
/usr/bin/python3
find program=['python'] paths=['/home/max/.local/bin', '/usr/local/bin', '/usr/bin', '/bin', '/usr/games', '/usr/local/go/bin', '/home/max/work/bin'] var='PYTHON' -> ['/usr/bin/python3']
['/usr/bin/python3', '-c', 'import imp;print(imp.get_tag())']
out: cpython-37

err: -c:1: DeprecationWarning: the imp module is deprecated in favour of importlib; see the module's documentation for alternative uses

['/usr/bin/python3', '-c', 'import sys\nfor x in sys.version_info: print(str(x))']
out: 3
7
3
final
0

['/usr/bin/python3', '-c', "from distutils.sysconfig import get_config_var, get_python_lib\n\nprint(repr(get_python_lib(standard_lib=0, prefix='/usr/local') or ''))"]
out: '/usr/local/lib/python3/dist-packages'

'/usr/local/lib/python3/dist-packages'

['/usr/bin/python3', '-c', "from distutils.sysconfig import get_config_var, get_python_lib\n\nprint(repr(get_python_lib(plat_specific=1, standard_lib=0, prefix='/usr/local') or ''))"]
out: '/usr/local/lib/python3/dist-packages'

'/usr/local/lib/python3/dist-packages'

------------------------------------------------------
Checking for python version >= 2.3
3.7.3
['/usr/bin/python3', '-c', "from distutils.sysconfig import get_config_var, get_python_lib\n\nprint(repr(get_config_var('prefix') or ''))\nprint(repr(get_config_var('SO') or ''))\nprint(repr(get_config_var('LDFLAGS') or ''))\nprint(repr(get_config_var('LIBDIR') or ''))\nprint(repr(get_config_var('LIBPL') or ''))\nprint(repr(get_config_var('INCLUDEPY') or ''))\nprint(repr(get_config_var('Py_ENABLE_SHARED') or ''))\nprint(repr(get_config_var('MACOSX_DEPLOYMENT_TARGET') or ''))\nprint(repr(get_config_var('LDSHARED') or ''))\nprint(repr(get_config_var('CFLAGS') or ''))\nprint(repr(get_config_var('LDVERSION') or ''))"]
out: '/usr'
'.cpython-37m-x86_64-linux-gnu.so'
' -Wl,-z,relro'
'/usr/lib'
'/usr/lib/python3.7/config-3.7m-x86_64-linux-gnu'
'/usr/include/python3.7m'
1
''
'x86_64-linux-gnu-gcc -pthread -shared -Wl,-O1 -Wl,-Bsymbolic-functions  -Wl,-z,relro'
'-Wno-unused-result -Wsign-compare -DNDEBUG -g -fwrapv -O2 -Wall -g   -fstack-protector-strong -Wformat -Werror=format-security  -g -flto -fuse-linker-plugin -ffat-lto-objects'
'3.7m'

err: -c:4: DeprecationWarning: SO is deprecated, use EXT_SUFFIX

'/usr'
'.cpython-37m-x86_64-linux-gnu.so'
' -Wl,-z,relro'
'/usr/lib'
'/usr/lib/python3.7/config-3.7m-x86_64-linux-gnu'
'/usr/include/python3.7m'
1
''
'x86_64-linux-gnu-gcc -pthread -shared -Wl,-O1 -Wl,-Bsymbolic-functions  -Wl,-z,relro'
'-Wno-unused-result -Wsign-compare -DNDEBUG -g -fwrapv -O2 -Wall -g   -fstack-protector-strong -Wformat -Werror=format-security  -g -flto -fuse-linker-plugin -ffat-lto-objects'
'3.7m'

Configuration returned from ['/usr/bin/python3']:
prefix = '/usr'
SO = '.cpython-37m-x86_64-linux-gnu.so'
LDFLAGS = ' -Wl,-z,relro'
LIBDIR = '/usr/lib'
LIBPL = '/usr/lib/python3.7/config-3.7m-x86_64-linux-gnu'
INCLUDEPY = '/usr/include/python3.7m'
Py_ENABLE_SHARED = 1
MACOSX_DEPLOYMENT_TARGET = ''
LDSHARED = 'x86_64-linux-gnu-gcc -pthread -shared -Wl,-O1 -Wl,-Bsymbolic-functions  -Wl,-z,relro'
CFLAGS = '-Wno-unused-result -Wsign-compare -DNDEBUG -g -fwrapv -O2 -Wall -g   -fstack-protector-strong -Wformat -Werror=format-security  -g -flto -fuse-linker-plugin -ffat-lto-objects'
LDVERSION = '3.7m'

------------------------------------------------------
python-config
/usr/bin/python3-config
find program=['/usr/bin/python3-config', 'python3.7-config', 'python-config-3.7', 'python3.7m-config'] paths=['/home/max/.local/bin', '/usr/local/bin', '/usr/bin', '/bin', '/usr/games', '/usr/local/go/bin', '/home/max/work/bin'] var='PYTHON_CONFIG' -> ['/usr/bin/python3-config']
--------------------------------------------------------------------------
Asking python-config for pyembed '--cflags --libs --ldflags --embed' flags
['/usr/bin/python3-config', '--cflags', '--libs', '--ldflags', '--embed']
out: Usage: /usr/bin/python3-config --prefix|--exec-prefix|--includes|--libs|--cflags|--ldflags|--extension-suffix|--help|--abiflags|--configdir

not found
from /home/max/repos/reinforcement-learning-for-per-flow-buffer-sizing/ns-allinone-3.30.1/ns-3.30.1/bindings/python: The configuration failed
--------------------------------------------------------------------------
Asking python-config for pyembed '--cflags --libs --ldflags' flags
['/usr/bin/python3-config', '--cflags', '--libs', '--ldflags']
out: -I/usr/include/python3.7m -I/usr/include/python3.7m  -Wno-unused-result -Wsign-compare -g -fdebug-prefix-map=/build/python3.7-3.7.3=. -specs=/usr/share/dpkg/no-pie-compile.specs -fstack-protector -Wformat -Werror=format-security  -DNDEBUG -g -fwrapv -O3 -Wall
-lpython3.7m -lcrypt -lpthread -ldl  -lutil -lm 
-L/usr/lib/python3.7/config-3.7m-x86_64-linux-gnu -L/usr/lib -lpython3.7m -lcrypt -lpthread -ldl  -lutil -lm  -Xlinker -export-dynamic -Wl,-O1 -Wl,-Bsymbolic-functions

Unhandled flag '-Wno-unused-result'
Unhandled flag '-Wsign-compare'
Unhandled flag '-specs=/usr/share/dpkg/no-pie-compile.specs'
Unhandled flag '-Wformat'
Unhandled flag '-Werror=format-security'
Unhandled flag '-Wall'
yes
--------------------------------------------------------------------------
Testing pyembed configuration
==>

#include <Python.h>
#ifdef __cplusplus
extern "C" {
#endif
	void Py_Initialize(void);
	void Py_Finalize(void);
#ifdef __cplusplus
}
#endif
int main(int argc, char **argv)
{
   (void)argc; (void)argv;
   Py_Initialize();
   Py_Finalize();
   return 0;
}

<==
[1/2] Compiling [32mbuild/.conf_check_f8ef775e3cf1f559b692147c1226d7ba/test.cpp[0m

['/usr/bin/g++', '-D_GLIBCXX_USE_CXX11_ABI=0', '-march=native', '-fstrict-overflow', '-Wstrict-overflow=2', '-std=c++14', '-g', '-fdebug-prefix-map=/build/python3.7-3.7.3=.', '-fstack-protector', '-g', '-fwrapv', '-O3', '-I/home/max/repos/reinforcement-learning-for-per-flow-buffer-sizing/libtorch/include', '-I/home/max/repos/reinforcement-learning-for-per-flow-buffer-sizing/libtorch/include/torch/csrc/api/include', '-I/usr/include/python3.7m', '-DNS3_BUILD_PROFILE_OPTIMIZED', '-DPYTHONDIR="/usr/local/lib/python3/dist-packages"', '-DPYTHONARCHDIR="/usr/local/lib/python3/dist-packages"', '-DNDEBUG', '../test.cpp', '-c', '-o/home/max/repos/reinforcement-learning-for-per-flow-buffer-sizing/ns-allinone-3.30.1/ns-3.30.1/build/.conf_check_f8ef775e3cf1f559b692147c1226d7ba/testbuild/test.cpp.1.o']
[2/2] Linking [33mbuild/.conf_check_f8ef775e3cf1f559b692147c1226d7ba/testbuild/testprog[0m

['/usr/bin/g++', '-L/home/max/repos/reinforcement-learning-for-per-flow-buffer-sizing/libtorch/lib', '-ltorch', '-ltorch_cpu', '-lc10', '-Xlinker', '-export-dynamic', '-Wl,-O1', '-Wl,-Bsymbolic-functions', 'test.cpp.1.o', '-o/home/max/repos/reinforcement-learning-for-per-flow-buffer-sizing/ns-allinone-3.30.1/ns-3.30.1/build/.conf_check_f8ef775e3cf1f559b692147c1226d7ba/testbuild/testprog', '-Wl,-Bstatic', '-Wl,-Bdynamic', '-L/usr/lib/python3.7/config-3.7m-x86_64-linux-gnu', '-L/usr/lib', '-lpython3.7m', '-lcrypt', '-lpthread', '-ldl', '-lutil', '-lm', '-lpython3.7m', '-lcrypt', '-lpthread', '-ldl', '-lutil', '-lm']
yes
--------------------------------------------------------------------------
Asking python-config for pyext '--cflags --libs --ldflags' flags
['/usr/bin/python3-config', '--cflags', '--libs', '--ldflags']
out: -I/usr/include/python3.7m -I/usr/include/python3.7m  -Wno-unused-result -Wsign-compare -g -fdebug-prefix-map=/build/python3.7-3.7.3=. -specs=/usr/share/dpkg/no-pie-compile.specs -fstack-protector -Wformat -Werror=format-security  -DNDEBUG -g -fwrapv -O3 -Wall
-lpython3.7m -lcrypt -lpthread -ldl  -lutil -lm 
-L/usr/lib/python3.7/config-3.7m-x86_64-linux-gnu -L/usr/lib -lpython3.7m -lcrypt -lpthread -ldl  -lutil -lm  -Xlinker -export-dynamic -Wl,-O1 -Wl,-Bsymbolic-functions

Unhandled flag '-Wno-unused-result'
Unhandled flag '-Wsign-compare'
Unhandled flag '-specs=/usr/share/dpkg/no-pie-compile.specs'
Unhandled flag '-Wformat'
Unhandled flag '-Werror=format-security'
Unhandled flag '-Wall'
yes
--------------------------------------------------------------------------
Testing pyext configuration
==>

#include <Python.h>
#ifdef __cplusplus
extern "C" {
#endif
	void Py_Initialize(void);
	void Py_Finalize(void);
#ifdef __cplusplus
}
#endif
int main(int argc, char **argv)
{
   (void)argc; (void)argv;
   Py_Initialize();
   Py_Finalize();
   return 0;
}

<==
[1/2] Compiling [32mbuild/.conf_check_eaab107a0ad0c09fe99b0e743a890f00/test.cpp[0m

['/usr/bin/g++', '-D_GLIBCXX_USE_CXX11_ABI=0', '-march=native', '-fstrict-overflow', '-Wstrict-overflow=2', '-std=c++14', '-fPIC', '-g', '-fdebug-prefix-map=/build/python3.7-3.7.3=.', '-fstack-protector', '-g', '-fwrapv', '-O3', '-I/home/max/repos/reinforcement-learning-for-per-flow-buffer-sizing/libtorch/include', '-I/home/max/repos/reinforcement-learning-for-per-flow-buffer-sizing/libtorch/include/torch/csrc/api/include', '-I/usr/include/python3.7m', '-DNS3_BUILD_PROFILE_OPTIMIZED', '-DPYTHONDIR="/usr/local/lib/python3/dist-packages"', '-DPYTHONARCHDIR="/usr/local/lib/python3/dist-packages"', '-DHAVE_PYEMBED=1', '-DNDEBUG', '../test.cpp', '-c', '-o/home/max/repos/reinforcement-learning-for-per-flow-buffer-sizing/ns-allinone-3.30.1/ns-3.30.1/build/.conf_check_eaab107a0ad0c09fe99b0e743a890f00/testbuild/test.cpp.1.o']
[2/2] Linking [33mbuild/.conf_check_eaab107a0ad0c09fe99b0e743a890f00/testbuild/testprog.cpython-37m-x86_64-linux-gnu.so[0m

['/usr/bin/g++', '-L/home/max/repos/reinforcement-learning-for-per-flow-buffer-sizing/libtorch/lib', '-ltorch', '-ltorch_cpu', '-lc10', '-shared', '-Xlinker', '-export-dynamic', '-Wl,-O1', '-Wl,-Bsymbolic-functions', 'test.cpp.1.o', '-o/home/max/repos/reinforcement-learning-for-per-flow-buffer-sizing/ns-allinone-3.30.1/ns-3.30.1/build/.conf_check_eaab107a0ad0c09fe99b0e743a890f00/testbuild/testprog.cpython-37m-x86_64-linux-gnu.so', '-Wl,-Bstatic', '-Wl,-Bdynamic', '-L/usr/lib/python3.7/config-3.7m-x86_64-linux-gnu', '-L/usr/lib', '-lpython3.7m', '-lcrypt', '-lpthread', '-ldl', '-lutil', '-lm', '-lpython3.7m', '-lcrypt', '-lpthread', '-ldl', '-lutil', '-lm']
yes
--------------------------------------------------------------------------
Checking for compilation flag -fvisibility=hidden support
==>
int main() { return 0; }
<==
[1/1] Compiling [32mbuild/.conf_check_92724e97d2a8131cdbabec48e168cdc4/test.cpp[0m

['/usr/bin/g++', '-D_GLIBCXX_USE_CXX11_ABI=0', '-march=native', '-fstrict-overflow', '-Wstrict-overflow=2', '-std=c++14', '-fvisibility=hidden', '-I/home/max/repos/reinforcement-learning-for-per-flow-buffer-sizing/libtorch/include', '-I/home/max/repos/reinforcement-learning-for-per-flow-buffer-sizing/libtorch/include/torch/csrc/api/include', '-DNS3_BUILD_PROFILE_OPTIMIZED', '-DPYTHONDIR="/usr/local/lib/python3/dist-packages"', '-DPYTHONARCHDIR="/usr/local/lib/python3/dist-packages"', '-DHAVE_PYEMBED=1', '-DHAVE_PYEXT=1', '-DHAVE_PYTHON_H=1', '../test.cpp', '-c', '-o/home/max/repos/reinforcement-learning-for-per-flow-buffer-sizing/ns-allinone-3.30.1/ns-3.30.1/build/.conf_check_92724e97d2a8131cdbabec48e168cdc4/testbuild/test.cpp.1.o']
ok
--------------------------------------------------------------------------
Checking for compilation flag -Wno-array-bounds support
==>
int main() { return 0; }
<==
[1/1] Compiling [32mbuild/.conf_check_92724e97d2a8131cdbabec48e168cdc4/test.cpp[0m

['/usr/bin/g++', '-D_GLIBCXX_USE_CXX11_ABI=0', '-march=native', '-fstrict-overflow', '-Wstrict-overflow=2', '-std=c++14', '-Wno-array-bounds', '-I/home/max/repos/reinforcement-learning-for-per-flow-buffer-sizing/libtorch/include', '-I/home/max/repos/reinforcement-learning-for-per-flow-buffer-sizing/libtorch/include/torch/csrc/api/include', '-DNS3_BUILD_PROFILE_OPTIMIZED', '-DPYTHONDIR="/usr/local/lib/python3/dist-packages"', '-DPYTHONARCHDIR="/usr/local/lib/python3/dist-packages"', '-DHAVE_PYEMBED=1', '-DHAVE_PYEXT=1', '-DHAVE_PYTHON_H=1', '../test.cpp', '-c', '-o/home/max/repos/reinforcement-learning-for-per-flow-buffer-sizing/ns-allinone-3.30.1/ns-3.30.1/build/.conf_check_92724e97d2a8131cdbabec48e168cdc4/testbuild/test.cpp.1.o']
ok
--------------------------------------------------------------------------
Checking for pybindgen location
../pybindgen-0.20.0 (guessed)
--------------------------------------------------------------------------
Checking for python module 'pybindgen'
['/usr/bin/python3', '-c', "\nimport pybindgen as current_module\nversion = getattr(current_module, '__version__', None)\nif version is not None:\n\tprint(str(version))\nelse:\n\tprint('unknown version')\n"]
out: 0.20.0

0.20.0
--------------------------------------------------------------------------
Checking for pybindgen version
0.20.0
--------------------------------------------------------------------------
Checking for code snippet
==>

#include <stdint.h>
#include <vector>

int main ()
{
   std::vector< uint64_t > t = std::vector< unsigned long > ();
   return 0;
}

<==
[1/1] Compiling [32mbuild/.conf_check_08a49a4b8e55fc7f07fb5fa692be882c/test.cpp[0m

['/usr/bin/g++', '-D_GLIBCXX_USE_CXX11_ABI=0', '-march=native', '-fstrict-overflow', '-Wstrict-overflow=2', '-std=c++14', '-I/home/max/repos/reinforcement-learning-for-per-flow-buffer-sizing/libtorch/include', '-I/home/max/repos/reinforcement-learning-for-per-flow-buffer-sizing/libtorch/include/torch/csrc/api/include', '-DNS3_BUILD_PROFILE_OPTIMIZED', '-DPYTHONDIR="/usr/local/lib/python3/dist-packages"', '-DPYTHONARCHDIR="/usr/local/lib/python3/dist-packages"', '-DHAVE_PYEMBED=1', '-DHAVE_PYEXT=1', '-DHAVE_PYTHON_H=1', '../test.cpp', '-c', '-o/home/max/repos/reinforcement-learning-for-per-flow-buffer-sizing/ns-allinone-3.30.1/ns-3.30.1/build/.conf_check_08a49a4b8e55fc7f07fb5fa692be882c/testbuild/test.cpp.1.o']
yes
--------------------------------------------------------------------------
Checking for types uint64_t and unsigned long equivalence
no
--------------------------------------------------------------------------
Checking for code snippet
==>

#include <stdint.h>
#include <vector>

int main ()
{
   std::vector< uint64_t > t = std::vector< unsigned long long > ();
   return 0;
}

<==
[1/1] Compiling [32mbuild/.conf_check_ea09671089e1dae4ca451449dba25145/test.cpp[0m

['/usr/bin/g++', '-D_GLIBCXX_USE_CXX11_ABI=0', '-march=native', '-fstrict-overflow', '-Wstrict-overflow=2', '-std=c++14', '-I/home/max/repos/reinforcement-learning-for-per-flow-buffer-sizing/libtorch/include', '-I/home/max/repos/reinforcement-learning-for-per-flow-buffer-sizing/libtorch/include/torch/csrc/api/include', '-DNS3_BUILD_PROFILE_OPTIMIZED', '-DPYTHONDIR="/usr/local/lib/python3/dist-packages"', '-DPYTHONARCHDIR="/usr/local/lib/python3/dist-packages"', '-DHAVE_PYEMBED=1', '-DHAVE_PYEXT=1', '-DHAVE_PYTHON_H=1', '../test.cpp', '-c', '-o/home/max/repos/reinforcement-learning-for-per-flow-buffer-sizing/ns-allinone-3.30.1/ns-3.30.1/build/.conf_check_ea09671089e1dae4ca451449dba25145/testbuild/test.cpp.1.o']
err: ../test.cpp: In function ‘int main()’:
../test.cpp:7:37: error: conversion from ‘vector<long long unsigned int>’ to non-scalar type ‘vector<long unsigned int>’ requested
    std::vector< uint64_t > t = std::vector< unsigned long long > ();
                                     ^~~~~~~~~~~~~~~~~~~~~~~~~~~~~~~

from /home/max/repos/reinforcement-learning-for-per-flow-buffer-sizing/ns-allinone-3.30.1/ns-3.30.1/bindings/python: Test does not build: Traceback (most recent call last):
  File "/home/max/repos/reinforcement-learning-for-per-flow-buffer-sizing/ns-allinone-3.30.1/ns-3.30.1/.waf3-2.0.18-ff4ae9f5cc05353d3dc3aeff8854ae69/waflib/Configure.py", line 333, in run_build
    bld.compile()
  File "/home/max/repos/reinforcement-learning-for-per-flow-buffer-sizing/ns-allinone-3.30.1/ns-3.30.1/.waf3-2.0.18-ff4ae9f5cc05353d3dc3aeff8854ae69/waflib/Build.py", line 176, in compile
    raise Errors.BuildError(self.producer.error)
waflib.Errors.BuildError: Build failed
 -> task in 'testprog' failed with exit status 1 (run with -v to display more information)

no
from /home/max/repos/reinforcement-learning-for-per-flow-buffer-sizing/ns-allinone-3.30.1/ns-3.30.1/bindings/python: The configuration failed
--------------------------------------------------------------------------
Checking for types uint64_t and unsigned long long equivalence
yes
--------------------------------------------------------------------------
Checking for the apidefs that can be used for Python bindings
gcc-LP64
--------------------------------------------------------------------------
Checking for internal GCC cxxabi
==>

# include <cxxabi.h>
int main ()
{
   const abi::__si_class_type_info *_typeinfo  __attribute__((unused)) = NULL;
   return 0;
}

<==
[1/2] Compiling [32mbuild/.conf_check_5fe4043d889dab0109c4a956a6a1046f/test.cpp[0m

['/usr/bin/g++', '-D_GLIBCXX_USE_CXX11_ABI=0', '-march=native', '-fstrict-overflow', '-Wstrict-overflow=2', '-std=c++14', '-I/home/max/repos/reinforcement-learning-for-per-flow-buffer-sizing/libtorch/include', '-I/home/max/repos/reinforcement-learning-for-per-flow-buffer-sizing/libtorch/include/torch/csrc/api/include', '-DNS3_BUILD_PROFILE_OPTIMIZED', '-DPYTHONDIR="/usr/local/lib/python3/dist-packages"', '-DPYTHONARCHDIR="/usr/local/lib/python3/dist-packages"', '-DHAVE_PYEMBED=1', '-DHAVE_PYEXT=1', '-DHAVE_PYTHON_H=1', '../test.cpp', '-c', '-o/home/max/repos/reinforcement-learning-for-per-flow-buffer-sizing/ns-allinone-3.30.1/ns-3.30.1/build/.conf_check_5fe4043d889dab0109c4a956a6a1046f/testbuild/test.cpp.1.o']
[2/2] Linking [33mbuild/.conf_check_5fe4043d889dab0109c4a956a6a1046f/testbuild/testprog[0m

['/usr/bin/g++', '-L/home/max/repos/reinforcement-learning-for-per-flow-buffer-sizing/libtorch/lib', '-ltorch', '-ltorch_cpu', '-lc10', 'test.cpp.1.o', '-o/home/max/repos/reinforcement-learning-for-per-flow-buffer-sizing/ns-allinone-3.30.1/ns-3.30.1/build/.conf_check_5fe4043d889dab0109c4a956a6a1046f/testbuild/testprog', '-Wl,-Bstatic', '-Wl,-Bdynamic']
complete
--------------------------------------------------------------------------
Checking for python module 'pygccxml'
['/usr/bin/python3', '-c', "\nimport pygccxml as current_module\nversion = getattr(current_module, '__version__', None)\nif version is not None:\n\tprint(str(version))\nelse:\n\tprint('unknown version')\n"]
err: Traceback (most recent call last):
  File "<string>", line 2, in <module>
ModuleNotFoundError: No module named 'pygccxml'

not found
from /home/max/repos/reinforcement-learning-for-per-flow-buffer-sizing/ns-allinone-3.30.1/ns-3.30.1/bindings/python: Could not find the python module 'pygccxml'
--------------------------------------------------------------------------
Checking for click location
not found
--------------------------------------------------------------------------
Checking for program 'pkg-config'
/usr/bin/pkg-config
find program=['pkg-config'] paths=['/home/max/.local/bin', '/usr/local/bin', '/usr/bin', '/bin', '/usr/games', '/usr/local/go/bin', '/home/max/work/bin'] var='PKGCONFIG' -> ['/usr/bin/pkg-config']
--------------------------------------------------------------------------
Checking for 'gtk+-3.0'
['/usr/bin/pkg-config', '--cflags', '--libs', 'gtk+-3.0']
err: Package gtk+-3.0 was not found in the pkg-config search path.
Perhaps you should add the directory containing `gtk+-3.0.pc'
to the PKG_CONFIG_PATH environment variable
No package 'gtk+-3.0' found

not found
from /home/max/repos/reinforcement-learning-for-per-flow-buffer-sizing/ns-allinone-3.30.1/ns-3.30.1/src/config-store: The configuration failed
--------------------------------------------------------------------------
Checking for 'libxml-2.0'
['/usr/bin/pkg-config', '--cflags', '--libs', 'libxml-2.0']
out: -I/usr/include/libxml2 -lxml2

yes
--------------------------------------------------------------------------
checking for uint128_t
==>

        #include <stdint.h>
        
        int main(int argc, char **argv) {
	(void)argc; (void)argv;
	if ((uint128_t *) 0) return 0;
	if (sizeof (uint128_t)) return 0;
	return 1;
        }
        
<==
[1/2] Compiling [32mbuild/.conf_check_facce93b27c0b28e5964dbe835d44fd5/test.cpp[0m

['/usr/bin/g++', '-D_GLIBCXX_USE_CXX11_ABI=0', '-march=native', '-fstrict-overflow', '-Wstrict-overflow=2', '-std=c++14', '-I/home/max/repos/reinforcement-learning-for-per-flow-buffer-sizing/libtorch/include', '-I/home/max/repos/reinforcement-learning-for-per-flow-buffer-sizing/libtorch/include/torch/csrc/api/include', '-DNS3_BUILD_PROFILE_OPTIMIZED', '../test.cpp', '-c', '-o/home/max/repos/reinforcement-learning-for-per-flow-buffer-sizing/ns-allinone-3.30.1/ns-3.30.1/build/.conf_check_facce93b27c0b28e5964dbe835d44fd5/testbuild/test.cpp.1.o']
err: ../test.cpp: In function ‘int main(int, char**)’:
../test.cpp:6:7: error: ‘uint128_t’ was not declared in this scope
  if ((uint128_t *) 0) return 0;
       ^~~~~~~~~
../test.cpp:6:7: note: suggested alternative: ‘uint32_t’
  if ((uint128_t *) 0) return 0;
       ^~~~~~~~~
       uint32_t
../test.cpp:6:18: error: expected primary-expression before ‘)’ token
  if ((uint128_t *) 0) return 0;
                  ^
../test.cpp:6:19: error: expected ‘)’ before numeric constant
  if ((uint128_t *) 0) return 0;
     ~             ^~
                   )
../test.cpp:7:14: error: ‘uint128_t’ was not declared in this scope
  if (sizeof (uint128_t)) return 0;
              ^~~~~~~~~
../test.cpp:7:14: note: suggested alternative: ‘uint32_t’
  if (sizeof (uint128_t)) return 0;
              ^~~~~~~~~
              uint32_t

from /home/max/repos/reinforcement-learning-for-per-flow-buffer-sizing/ns-allinone-3.30.1/ns-3.30.1/src/core: Test does not build: Traceback (most recent call last):
  File "/home/max/repos/reinforcement-learning-for-per-flow-buffer-sizing/ns-allinone-3.30.1/ns-3.30.1/.waf3-2.0.18-ff4ae9f5cc05353d3dc3aeff8854ae69/waflib/Configure.py", line 333, in run_build
    bld.compile()
  File "/home/max/repos/reinforcement-learning-for-per-flow-buffer-sizing/ns-allinone-3.30.1/ns-3.30.1/.waf3-2.0.18-ff4ae9f5cc05353d3dc3aeff8854ae69/waflib/Build.py", line 176, in compile
    raise Errors.BuildError(self.producer.error)
waflib.Errors.BuildError: Build failed
 -> task in 'testprog' failed with exit status 1 (run with -v to display more information)

not found
from /home/max/repos/reinforcement-learning-for-per-flow-buffer-sizing/ns-allinone-3.30.1/ns-3.30.1/src/core: The configuration failed
--------------------------------------------------------------------------
checking for __uint128_t
==>

        #include <stdint.h>
        
        int main(int argc, char **argv) {
	(void)argc; (void)argv;
	if ((__uint128_t *) 0) return 0;
	if (sizeof (__uint128_t)) return 0;
	return 1;
        }
        
<==
[1/2] Compiling [32mbuild/.conf_check_b56575a1cf831cd90b0428197c1674e0/test.cpp[0m

['/usr/bin/g++', '-D_GLIBCXX_USE_CXX11_ABI=0', '-march=native', '-fstrict-overflow', '-Wstrict-overflow=2', '-std=c++14', '-I/home/max/repos/reinforcement-learning-for-per-flow-buffer-sizing/libtorch/include', '-I/home/max/repos/reinforcement-learning-for-per-flow-buffer-sizing/libtorch/include/torch/csrc/api/include', '-DNS3_BUILD_PROFILE_OPTIMIZED', '../test.cpp', '-c', '-o/home/max/repos/reinforcement-learning-for-per-flow-buffer-sizing/ns-allinone-3.30.1/ns-3.30.1/build/.conf_check_b56575a1cf831cd90b0428197c1674e0/testbuild/test.cpp.1.o']
[2/2] Linking [33mbuild/.conf_check_b56575a1cf831cd90b0428197c1674e0/testbuild/testprog[0m

['/usr/bin/g++', '-L/home/max/repos/reinforcement-learning-for-per-flow-buffer-sizing/libtorch/lib', '-ltorch', '-ltorch_cpu', '-lc10', 'test.cpp.1.o', '-o/home/max/repos/reinforcement-learning-for-per-flow-buffer-sizing/ns-allinone-3.30.1/ns-3.30.1/build/.conf_check_b56575a1cf831cd90b0428197c1674e0/testbuild/testprog', '-Wl,-Bstatic', '-Wl,-Bdynamic']
yes
--------------------------------------------------------------------------
Checking high precision implementation
128-bit integer (default)
--------------------------------------------------------------------------
Checking for header stdint.h
==>
#include <stdint.h>

int main(int argc, char **argv) {
	(void)argc; (void)argv;
	return 0;
}

<==
[1/2] Compiling [32mbuild/.conf_check_87dc75f4d5a4d81d3de89ccc66d2f410/test.cpp[0m

['/usr/bin/g++', '-D_GLIBCXX_USE_CXX11_ABI=0', '-march=native', '-fstrict-overflow', '-Wstrict-overflow=2', '-std=c++14', '-I/home/max/repos/reinforcement-learning-for-per-flow-buffer-sizing/libtorch/include', '-I/home/max/repos/reinforcement-learning-for-per-flow-buffer-sizing/libtorch/include/torch/csrc/api/include', '-DNS3_BUILD_PROFILE_OPTIMIZED', '-DHAVE___UINT128_T=1', '-DINT64X64_USE_128=1', '../test.cpp', '-c', '-o/home/max/repos/reinforcement-learning-for-per-flow-buffer-sizing/ns-allinone-3.30.1/ns-3.30.1/build/.conf_check_87dc75f4d5a4d81d3de89ccc66d2f410/testbuild/test.cpp.1.o']
[2/2] Linking [33mbuild/.conf_check_87dc75f4d5a4d81d3de89ccc66d2f410/testbuild/testprog[0m

['/usr/bin/g++', '-L/home/max/repos/reinforcement-learning-for-per-flow-buffer-sizing/libtorch/lib', '-ltorch', '-ltorch_cpu', '-lc10', 'test.cpp.1.o', '-o/home/max/repos/reinforcement-learning-for-per-flow-buffer-sizing/ns-allinone-3.30.1/ns-3.30.1/build/.conf_check_87dc75f4d5a4d81d3de89ccc66d2f410/testbuild/testprog', '-Wl,-Bstatic', '-Wl,-Bdynamic']
yes
--------------------------------------------------------------------------
Checking for header inttypes.h
==>
#include <inttypes.h>

int main(int argc, char **argv) {
	(void)argc; (void)argv;
	return 0;
}

<==
[1/2] Compiling [32mbuild/.conf_check_71902e4db1e1fb33866f0d1c21c77ee8/test.cpp[0m

['/usr/bin/g++', '-D_GLIBCXX_USE_CXX11_ABI=0', '-march=native', '-fstrict-overflow', '-Wstrict-overflow=2', '-std=c++14', '-I/home/max/repos/reinforcement-learning-for-per-flow-buffer-sizing/libtorch/include', '-I/home/max/repos/reinforcement-learning-for-per-flow-buffer-sizing/libtorch/include/torch/csrc/api/include', '-DNS3_BUILD_PROFILE_OPTIMIZED', '-DHAVE___UINT128_T=1', '-DINT64X64_USE_128=1', '-DHAVE_STDINT_H=1', '../test.cpp', '-c', '-o/home/max/repos/reinforcement-learning-for-per-flow-buffer-sizing/ns-allinone-3.30.1/ns-3.30.1/build/.conf_check_71902e4db1e1fb33866f0d1c21c77ee8/testbuild/test.cpp.1.o']
[2/2] Linking [33mbuild/.conf_check_71902e4db1e1fb33866f0d1c21c77ee8/testbuild/testprog[0m

['/usr/bin/g++', '-L/home/max/repos/reinforcement-learning-for-per-flow-buffer-sizing/libtorch/lib', '-ltorch', '-ltorch_cpu', '-lc10', 'test.cpp.1.o', '-o/home/max/repos/reinforcement-learning-for-per-flow-buffer-sizing/ns-allinone-3.30.1/ns-3.30.1/build/.conf_check_71902e4db1e1fb33866f0d1c21c77ee8/testbuild/testprog', '-Wl,-Bstatic', '-Wl,-Bdynamic']
yes
--------------------------------------------------------------------------
Checking for header sys/inttypes.h
==>
#include <sys/inttypes.h>

int main(int argc, char **argv) {
	(void)argc; (void)argv;
	return 0;
}

<==
[1/2] Compiling [32mbuild/.conf_check_ab3a88ef84bcf481a1b44e59b9acea7f/test.cpp[0m

['/usr/bin/g++', '-D_GLIBCXX_USE_CXX11_ABI=0', '-march=native', '-fstrict-overflow', '-Wstrict-overflow=2', '-std=c++14', '-I/home/max/repos/reinforcement-learning-for-per-flow-buffer-sizing/libtorch/include', '-I/home/max/repos/reinforcement-learning-for-per-flow-buffer-sizing/libtorch/include/torch/csrc/api/include', '-DNS3_BUILD_PROFILE_OPTIMIZED', '-DHAVE___UINT128_T=1', '-DINT64X64_USE_128=1', '-DHAVE_STDINT_H=1', '-DHAVE_INTTYPES_H=1', '../test.cpp', '-c', '-o/home/max/repos/reinforcement-learning-for-per-flow-buffer-sizing/ns-allinone-3.30.1/ns-3.30.1/build/.conf_check_ab3a88ef84bcf481a1b44e59b9acea7f/testbuild/test.cpp.1.o']
err: ../test.cpp:1:10: fatal error: sys/inttypes.h: No such file or directory
 #include <sys/inttypes.h>
          ^~~~~~~~~~~~~~~~
compilation terminated.

from /home/max/repos/reinforcement-learning-for-per-flow-buffer-sizing/ns-allinone-3.30.1/ns-3.30.1/src/core: Test does not build: Traceback (most recent call last):
  File "/home/max/repos/reinforcement-learning-for-per-flow-buffer-sizing/ns-allinone-3.30.1/ns-3.30.1/.waf3-2.0.18-ff4ae9f5cc05353d3dc3aeff8854ae69/waflib/Configure.py", line 333, in run_build
    bld.compile()
  File "/home/max/repos/reinforcement-learning-for-per-flow-buffer-sizing/ns-allinone-3.30.1/ns-3.30.1/.waf3-2.0.18-ff4ae9f5cc05353d3dc3aeff8854ae69/waflib/Build.py", line 176, in compile
    raise Errors.BuildError(self.producer.error)
waflib.Errors.BuildError: Build failed
 -> task in 'testprog' failed with exit status 1 (run with -v to display more information)

not found
from /home/max/repos/reinforcement-learning-for-per-flow-buffer-sizing/ns-allinone-3.30.1/ns-3.30.1/src/core: The configuration failed
--------------------------------------------------------------------------
Checking for header sys/types.h
==>
#include <sys/types.h>

int main(int argc, char **argv) {
	(void)argc; (void)argv;
	return 0;
}

<==
[1/2] Compiling [32mbuild/.conf_check_a1f5eb99781ed72d6f7c486a9233dce5/test.cpp[0m

['/usr/bin/g++', '-D_GLIBCXX_USE_CXX11_ABI=0', '-march=native', '-fstrict-overflow', '-Wstrict-overflow=2', '-std=c++14', '-I/home/max/repos/reinforcement-learning-for-per-flow-buffer-sizing/libtorch/include', '-I/home/max/repos/reinforcement-learning-for-per-flow-buffer-sizing/libtorch/include/torch/csrc/api/include', '-DNS3_BUILD_PROFILE_OPTIMIZED', '-DHAVE___UINT128_T=1', '-DINT64X64_USE_128=1', '-DHAVE_STDINT_H=1', '-DHAVE_INTTYPES_H=1', '../test.cpp', '-c', '-o/home/max/repos/reinforcement-learning-for-per-flow-buffer-sizing/ns-allinone-3.30.1/ns-3.30.1/build/.conf_check_a1f5eb99781ed72d6f7c486a9233dce5/testbuild/test.cpp.1.o']
[2/2] Linking [33mbuild/.conf_check_a1f5eb99781ed72d6f7c486a9233dce5/testbuild/testprog[0m

['/usr/bin/g++', '-L/home/max/repos/reinforcement-learning-for-per-flow-buffer-sizing/libtorch/lib', '-ltorch', '-ltorch_cpu', '-lc10', 'test.cpp.1.o', '-o/home/max/repos/reinforcement-learning-for-per-flow-buffer-sizing/ns-allinone-3.30.1/ns-3.30.1/build/.conf_check_a1f5eb99781ed72d6f7c486a9233dce5/testbuild/testprog', '-Wl,-Bstatic', '-Wl,-Bdynamic']
yes
--------------------------------------------------------------------------
Checking for header sys/stat.h
==>
#include <sys/stat.h>

int main(int argc, char **argv) {
	(void)argc; (void)argv;
	return 0;
}

<==
[1/2] Compiling [32mbuild/.conf_check_df624e4ac3a4507c87a576ef6f3a3e18/test.cpp[0m

['/usr/bin/g++', '-D_GLIBCXX_USE_CXX11_ABI=0', '-march=native', '-fstrict-overflow', '-Wstrict-overflow=2', '-std=c++14', '-I/home/max/repos/reinforcement-learning-for-per-flow-buffer-sizing/libtorch/include', '-I/home/max/repos/reinforcement-learning-for-per-flow-buffer-sizing/libtorch/include/torch/csrc/api/include', '-DNS3_BUILD_PROFILE_OPTIMIZED', '-DHAVE___UINT128_T=1', '-DINT64X64_USE_128=1', '-DHAVE_STDINT_H=1', '-DHAVE_INTTYPES_H=1', '-DHAVE_SYS_TYPES_H=1', '../test.cpp', '-c', '-o/home/max/repos/reinforcement-learning-for-per-flow-buffer-sizing/ns-allinone-3.30.1/ns-3.30.1/build/.conf_check_df624e4ac3a4507c87a576ef6f3a3e18/testbuild/test.cpp.1.o']
[2/2] Linking [33mbuild/.conf_check_df624e4ac3a4507c87a576ef6f3a3e18/testbuild/testprog[0m

['/usr/bin/g++', '-L/home/max/repos/reinforcement-learning-for-per-flow-buffer-sizing/libtorch/lib', '-ltorch', '-ltorch_cpu', '-lc10', 'test.cpp.1.o', '-o/home/max/repos/reinforcement-learning-for-per-flow-buffer-sizing/ns-allinone-3.30.1/ns-3.30.1/build/.conf_check_df624e4ac3a4507c87a576ef6f3a3e18/testbuild/testprog', '-Wl,-Bstatic', '-Wl,-Bdynamic']
yes
--------------------------------------------------------------------------
Checking for header dirent.h
==>
#include <dirent.h>

int main(int argc, char **argv) {
	(void)argc; (void)argv;
	return 0;
}

<==
[1/2] Compiling [32mbuild/.conf_check_b1c5fd3b060471dcecfecbeb771fc0d1/test.cpp[0m

['/usr/bin/g++', '-D_GLIBCXX_USE_CXX11_ABI=0', '-march=native', '-fstrict-overflow', '-Wstrict-overflow=2', '-std=c++14', '-I/home/max/repos/reinforcement-learning-for-per-flow-buffer-sizing/libtorch/include', '-I/home/max/repos/reinforcement-learning-for-per-flow-buffer-sizing/libtorch/include/torch/csrc/api/include', '-DNS3_BUILD_PROFILE_OPTIMIZED', '-DHAVE___UINT128_T=1', '-DINT64X64_USE_128=1', '-DHAVE_STDINT_H=1', '-DHAVE_INTTYPES_H=1', '-DHAVE_SYS_TYPES_H=1', '-DHAVE_SYS_STAT_H=1', '../test.cpp', '-c', '-o/home/max/repos/reinforcement-learning-for-per-flow-buffer-sizing/ns-allinone-3.30.1/ns-3.30.1/build/.conf_check_b1c5fd3b060471dcecfecbeb771fc0d1/testbuild/test.cpp.1.o']
[2/2] Linking [33mbuild/.conf_check_b1c5fd3b060471dcecfecbeb771fc0d1/testbuild/testprog[0m

['/usr/bin/g++', '-L/home/max/repos/reinforcement-learning-for-per-flow-buffer-sizing/libtorch/lib', '-ltorch', '-ltorch_cpu', '-lc10', 'test.cpp.1.o', '-o/home/max/repos/reinforcement-learning-for-per-flow-buffer-sizing/ns-allinone-3.30.1/ns-3.30.1/build/.conf_check_b1c5fd3b060471dcecfecbeb771fc0d1/testbuild/testprog', '-Wl,-Bstatic', '-Wl,-Bdynamic']
yes
--------------------------------------------------------------------------
Checking for header stdlib.h
==>
#include <stdlib.h>

int main(int argc, char **argv) {
	(void)argc; (void)argv;
	return 0;
}

<==
[1/2] Compiling [32mbuild/.conf_check_d5daedb867ba66fc80d74a2aecccd048/test.cpp[0m

['/usr/bin/g++', '-D_GLIBCXX_USE_CXX11_ABI=0', '-march=native', '-fstrict-overflow', '-Wstrict-overflow=2', '-std=c++14', '-I/home/max/repos/reinforcement-learning-for-per-flow-buffer-sizing/libtorch/include', '-I/home/max/repos/reinforcement-learning-for-per-flow-buffer-sizing/libtorch/include/torch/csrc/api/include', '-DNS3_BUILD_PROFILE_OPTIMIZED', '-DHAVE___UINT128_T=1', '-DINT64X64_USE_128=1', '-DHAVE_STDINT_H=1', '-DHAVE_INTTYPES_H=1', '-DHAVE_SYS_TYPES_H=1', '-DHAVE_SYS_STAT_H=1', '-DHAVE_DIRENT_H=1', '../test.cpp', '-c', '-o/home/max/repos/reinforcement-learning-for-per-flow-buffer-sizing/ns-allinone-3.30.1/ns-3.30.1/build/.conf_check_d5daedb867ba66fc80d74a2aecccd048/testbuild/test.cpp.1.o']
[2/2] Linking [33mbuild/.conf_check_d5daedb867ba66fc80d74a2aecccd048/testbuild/testprog[0m

['/usr/bin/g++', '-L/home/max/repos/reinforcement-learning-for-per-flow-buffer-sizing/libtorch/lib', '-ltorch', '-ltorch_cpu', '-lc10', 'test.cpp.1.o', '-o/home/max/repos/reinforcement-learning-for-per-flow-buffer-sizing/ns-allinone-3.30.1/ns-3.30.1/build/.conf_check_d5daedb867ba66fc80d74a2aecccd048/testbuild/testprog', '-Wl,-Bstatic', '-Wl,-Bdynamic']
yes
--------------------------------------------------------------------------
Checking for header signal.h
==>
#include <signal.h>

int main(int argc, char **argv) {
	(void)argc; (void)argv;
	return 0;
}

<==
[1/2] Compiling [32mbuild/.conf_check_6f58fe0695dffc1ac60ac25f8cc70c24/test.cpp[0m

['/usr/bin/g++', '-D_GLIBCXX_USE_CXX11_ABI=0', '-march=native', '-fstrict-overflow', '-Wstrict-overflow=2', '-std=c++14', '-I/home/max/repos/reinforcement-learning-for-per-flow-buffer-sizing/libtorch/include', '-I/home/max/repos/reinforcement-learning-for-per-flow-buffer-sizing/libtorch/include/torch/csrc/api/include', '-DNS3_BUILD_PROFILE_OPTIMIZED', '-DHAVE___UINT128_T=1', '-DINT64X64_USE_128=1', '-DHAVE_STDINT_H=1', '-DHAVE_INTTYPES_H=1', '-DHAVE_SYS_TYPES_H=1', '-DHAVE_SYS_STAT_H=1', '-DHAVE_DIRENT_H=1', '-DHAVE_STDLIB_H=1', '-DHAVE_GETENV=1', '../test.cpp', '-c', '-o/home/max/repos/reinforcement-learning-for-per-flow-buffer-sizing/ns-allinone-3.30.1/ns-3.30.1/build/.conf_check_6f58fe0695dffc1ac60ac25f8cc70c24/testbuild/test.cpp.1.o']
[2/2] Linking [33mbuild/.conf_check_6f58fe0695dffc1ac60ac25f8cc70c24/testbuild/testprog[0m

['/usr/bin/g++', '-L/home/max/repos/reinforcement-learning-for-per-flow-buffer-sizing/libtorch/lib', '-ltorch', '-ltorch_cpu', '-lc10', 'test.cpp.1.o', '-o/home/max/repos/reinforcement-learning-for-per-flow-buffer-sizing/ns-allinone-3.30.1/ns-3.30.1/build/.conf_check_6f58fe0695dffc1ac60ac25f8cc70c24/testbuild/testprog', '-Wl,-Bstatic', '-Wl,-Bdynamic']
yes
--------------------------------------------------------------------------
Checking for header pthread.h
==>

#include <pthread.h>
int main ()
{
   pthread_mutex_t m;
   pthread_mutex_init (&m, NULL);
   return 0;
}

<==
[1/2] Compiling [32mbuild/.conf_check_f7c0fffd93df9fe1a80ff12c0ddf12dd/test.cpp[0m

['/usr/bin/g++', '-D_GLIBCXX_USE_CXX11_ABI=0', '-march=native', '-fstrict-overflow', '-Wstrict-overflow=2', '-std=c++14', '-pthread', '-I/home/max/repos/reinforcement-learning-for-per-flow-buffer-sizing/libtorch/include', '-I/home/max/repos/reinforcement-learning-for-per-flow-buffer-sizing/libtorch/include/torch/csrc/api/include', '-DNS3_BUILD_PROFILE_OPTIMIZED', '-DHAVE___UINT128_T=1', '-DINT64X64_USE_128=1', '-DHAVE_STDINT_H=1', '-DHAVE_INTTYPES_H=1', '-DHAVE_SYS_TYPES_H=1', '-DHAVE_SYS_STAT_H=1', '-DHAVE_DIRENT_H=1', '-DHAVE_STDLIB_H=1', '-DHAVE_GETENV=1', '-DHAVE_SIGNAL_H=1', '../test.cpp', '-c', '-o/home/max/repos/reinforcement-learning-for-per-flow-buffer-sizing/ns-allinone-3.30.1/ns-3.30.1/build/.conf_check_f7c0fffd93df9fe1a80ff12c0ddf12dd/testbuild/test.cpp.1.o']
[2/2] Linking [33mbuild/.conf_check_f7c0fffd93df9fe1a80ff12c0ddf12dd/testbuild/testprog[0m

['/usr/bin/g++', '-L/home/max/repos/reinforcement-learning-for-per-flow-buffer-sizing/libtorch/lib', '-ltorch', '-ltorch_cpu', '-lc10', '-pthread', 'test.cpp.1.o', '-o/home/max/repos/reinforcement-learning-for-per-flow-buffer-sizing/ns-allinone-3.30.1/ns-3.30.1/build/.conf_check_f7c0fffd93df9fe1a80ff12c0ddf12dd/testbuild/testprog', '-Wl,-Bstatic', '-Wl,-Bdynamic']
yes
--------------------------------------------------------------------------
Checking for header stdint.h
==>
#include <stdint.h>

int main(int argc, char **argv) {
	(void)argc; (void)argv;
	return 0;
}

<==
[1/2] Compiling [32mbuild/.conf_check_87dc75f4d5a4d81d3de89ccc66d2f410/test.cpp[0m

['/usr/bin/g++', '-D_GLIBCXX_USE_CXX11_ABI=0', '-march=native', '-fstrict-overflow', '-Wstrict-overflow=2', '-std=c++14', '-I/home/max/repos/reinforcement-learning-for-per-flow-buffer-sizing/libtorch/include', '-I/home/max/repos/reinforcement-learning-for-per-flow-buffer-sizing/libtorch/include/torch/csrc/api/include', '-DNS3_BUILD_PROFILE_OPTIMIZED', '-DHAVE___UINT128_T=1', '-DINT64X64_USE_128=1', '-DHAVE_INTTYPES_H=1', '-DHAVE_SYS_TYPES_H=1', '-DHAVE_SYS_STAT_H=1', '-DHAVE_DIRENT_H=1', '-DHAVE_STDLIB_H=1', '-DHAVE_GETENV=1', '-DHAVE_SIGNAL_H=1', '-DHAVE_PTHREAD_H=1', '../test.cpp', '-c', '-o/home/max/repos/reinforcement-learning-for-per-flow-buffer-sizing/ns-allinone-3.30.1/ns-3.30.1/build/.conf_check_87dc75f4d5a4d81d3de89ccc66d2f410/testbuild/test.cpp.1.o']
[2/2] Linking [33mbuild/.conf_check_87dc75f4d5a4d81d3de89ccc66d2f410/testbuild/testprog[0m

['/usr/bin/g++', '-L/home/max/repos/reinforcement-learning-for-per-flow-buffer-sizing/libtorch/lib', '-ltorch', '-ltorch_cpu', '-lc10', 'test.cpp.1.o', '-o/home/max/repos/reinforcement-learning-for-per-flow-buffer-sizing/ns-allinone-3.30.1/ns-3.30.1/build/.conf_check_87dc75f4d5a4d81d3de89ccc66d2f410/testbuild/testprog', '-Wl,-Bstatic', '-Wl,-Bdynamic']
yes
--------------------------------------------------------------------------
Checking for header inttypes.h
==>
#include <inttypes.h>

int main(int argc, char **argv) {
	(void)argc; (void)argv;
	return 0;
}

<==
[1/2] Compiling [32mbuild/.conf_check_71902e4db1e1fb33866f0d1c21c77ee8/test.cpp[0m

['/usr/bin/g++', '-D_GLIBCXX_USE_CXX11_ABI=0', '-march=native', '-fstrict-overflow', '-Wstrict-overflow=2', '-std=c++14', '-I/home/max/repos/reinforcement-learning-for-per-flow-buffer-sizing/libtorch/include', '-I/home/max/repos/reinforcement-learning-for-per-flow-buffer-sizing/libtorch/include/torch/csrc/api/include', '-DNS3_BUILD_PROFILE_OPTIMIZED', '-DHAVE___UINT128_T=1', '-DINT64X64_USE_128=1', '-DHAVE_SYS_TYPES_H=1', '-DHAVE_SYS_STAT_H=1', '-DHAVE_DIRENT_H=1', '-DHAVE_STDLIB_H=1', '-DHAVE_GETENV=1', '-DHAVE_SIGNAL_H=1', '-DHAVE_PTHREAD_H=1', '-DHAVE_STDINT_H=1', '../test.cpp', '-c', '-o/home/max/repos/reinforcement-learning-for-per-flow-buffer-sizing/ns-allinone-3.30.1/ns-3.30.1/build/.conf_check_71902e4db1e1fb33866f0d1c21c77ee8/testbuild/test.cpp.1.o']
[2/2] Linking [33mbuild/.conf_check_71902e4db1e1fb33866f0d1c21c77ee8/testbuild/testprog[0m

['/usr/bin/g++', '-L/home/max/repos/reinforcement-learning-for-per-flow-buffer-sizing/libtorch/lib', '-ltorch', '-ltorch_cpu', '-lc10', 'test.cpp.1.o', '-o/home/max/repos/reinforcement-learning-for-per-flow-buffer-sizing/ns-allinone-3.30.1/ns-3.30.1/build/.conf_check_71902e4db1e1fb33866f0d1c21c77ee8/testbuild/testprog', '-Wl,-Bstatic', '-Wl,-Bdynamic']
yes
--------------------------------------------------------------------------
Checking for header sys/inttypes.h
==>
#include <sys/inttypes.h>

int main(int argc, char **argv) {
	(void)argc; (void)argv;
	return 0;
}

<==
[1/2] Compiling [32mbuild/.conf_check_ab3a88ef84bcf481a1b44e59b9acea7f/test.cpp[0m

['/usr/bin/g++', '-D_GLIBCXX_USE_CXX11_ABI=0', '-march=native', '-fstrict-overflow', '-Wstrict-overflow=2', '-std=c++14', '-I/home/max/repos/reinforcement-learning-for-per-flow-buffer-sizing/libtorch/include', '-I/home/max/repos/reinforcement-learning-for-per-flow-buffer-sizing/libtorch/include/torch/csrc/api/include', '-DNS3_BUILD_PROFILE_OPTIMIZED', '-DHAVE___UINT128_T=1', '-DINT64X64_USE_128=1', '-DHAVE_SYS_TYPES_H=1', '-DHAVE_SYS_STAT_H=1', '-DHAVE_DIRENT_H=1', '-DHAVE_STDLIB_H=1', '-DHAVE_GETENV=1', '-DHAVE_SIGNAL_H=1', '-DHAVE_PTHREAD_H=1', '-DHAVE_STDINT_H=1', '-DHAVE_INTTYPES_H=1', '../test.cpp', '-c', '-o/home/max/repos/reinforcement-learning-for-per-flow-buffer-sizing/ns-allinone-3.30.1/ns-3.30.1/build/.conf_check_ab3a88ef84bcf481a1b44e59b9acea7f/testbuild/test.cpp.1.o']
err: ../test.cpp:1:10: fatal error: sys/inttypes.h: No such file or directory
 #include <sys/inttypes.h>
          ^~~~~~~~~~~~~~~~
compilation terminated.

from /home/max/repos/reinforcement-learning-for-per-flow-buffer-sizing/ns-allinone-3.30.1/ns-3.30.1/src/core: Test does not build: Traceback (most recent call last):
  File "/home/max/repos/reinforcement-learning-for-per-flow-buffer-sizing/ns-allinone-3.30.1/ns-3.30.1/.waf3-2.0.18-ff4ae9f5cc05353d3dc3aeff8854ae69/waflib/Configure.py", line 333, in run_build
    bld.compile()
  File "/home/max/repos/reinforcement-learning-for-per-flow-buffer-sizing/ns-allinone-3.30.1/ns-3.30.1/.waf3-2.0.18-ff4ae9f5cc05353d3dc3aeff8854ae69/waflib/Build.py", line 176, in compile
    raise Errors.BuildError(self.producer.error)
waflib.Errors.BuildError: Build failed
 -> task in 'testprog' failed with exit status 1 (run with -v to display more information)

not found
from /home/max/repos/reinforcement-learning-for-per-flow-buffer-sizing/ns-allinone-3.30.1/ns-3.30.1/src/core: The configuration failed
--------------------------------------------------------------------------
Checking for library rt
==>

int main(int argc, char **argv) {
	(void)argc; (void)argv;
	return 0;
}

<==
[1/2] Compiling [32mbuild/.conf_check_ab72690583f2973c46ae66ff926bf40d/test.cpp[0m

['/usr/bin/g++', '-D_GLIBCXX_USE_CXX11_ABI=0', '-march=native', '-fstrict-overflow', '-Wstrict-overflow=2', '-std=c++14', '-pthread', '-I/home/max/repos/reinforcement-learning-for-per-flow-buffer-sizing/libtorch/include', '-I/home/max/repos/reinforcement-learning-for-per-flow-buffer-sizing/libtorch/include/torch/csrc/api/include', '-DNS3_BUILD_PROFILE_OPTIMIZED', '-DHAVE___UINT128_T=1', '-DINT64X64_USE_128=1', '-DHAVE_SYS_TYPES_H=1', '-DHAVE_SYS_STAT_H=1', '-DHAVE_DIRENT_H=1', '-DHAVE_STDLIB_H=1', '-DHAVE_GETENV=1', '-DHAVE_SIGNAL_H=1', '-DHAVE_PTHREAD_H=1', '-DHAVE_STDINT_H=1', '-DHAVE_INTTYPES_H=1', '../test.cpp', '-c', '-o/home/max/repos/reinforcement-learning-for-per-flow-buffer-sizing/ns-allinone-3.30.1/ns-3.30.1/build/.conf_check_ab72690583f2973c46ae66ff926bf40d/testbuild/test.cpp.1.o']
[2/2] Linking [33mbuild/.conf_check_ab72690583f2973c46ae66ff926bf40d/testbuild/testprog[0m

['/usr/bin/g++', '-L/home/max/repos/reinforcement-learning-for-per-flow-buffer-sizing/libtorch/lib', '-ltorch', '-ltorch_cpu', '-lc10', '-pthread', 'test.cpp.1.o', '-o/home/max/repos/reinforcement-learning-for-per-flow-buffer-sizing/ns-allinone-3.30.1/ns-3.30.1/build/.conf_check_ab72690583f2973c46ae66ff926bf40d/testbuild/testprog', '-Wl,-Bstatic', '-Wl,-Bdynamic', '-lrt']
yes
--------------------------------------------------------------------------
Checking for header sys/ioctl.h
==>
#include <sys/ioctl.h>

int main(int argc, char **argv) {
	(void)argc; (void)argv;
	return 0;
}

<==
[1/2] Compiling [32mbuild/.conf_check_a500e4e04895f8dce012d09437dc914c/test.cpp[0m

['/usr/bin/g++', '-D_GLIBCXX_USE_CXX11_ABI=0', '-march=native', '-fstrict-overflow', '-Wstrict-overflow=2', '-std=c++14', '-I/home/max/repos/reinforcement-learning-for-per-flow-buffer-sizing/libtorch/include', '-I/home/max/repos/reinforcement-learning-for-per-flow-buffer-sizing/libtorch/include/torch/csrc/api/include', '-DNS3_BUILD_PROFILE_OPTIMIZED', '../test.cpp', '-c', '-o/home/max/repos/reinforcement-learning-for-per-flow-buffer-sizing/ns-allinone-3.30.1/ns-3.30.1/build/.conf_check_a500e4e04895f8dce012d09437dc914c/testbuild/test.cpp.1.o']
[2/2] Linking [33mbuild/.conf_check_a500e4e04895f8dce012d09437dc914c/testbuild/testprog[0m

['/usr/bin/g++', '-L/home/max/repos/reinforcement-learning-for-per-flow-buffer-sizing/libtorch/lib', '-ltorch', '-ltorch_cpu', '-lc10', 'test.cpp.1.o', '-o/home/max/repos/reinforcement-learning-for-per-flow-buffer-sizing/ns-allinone-3.30.1/ns-3.30.1/build/.conf_check_a500e4e04895f8dce012d09437dc914c/testbuild/testprog', '-Wl,-Bstatic', '-Wl,-Bdynamic']
yes
--------------------------------------------------------------------------
Checking for header net/if.h
==>
#include <net/if.h>

int main(int argc, char **argv) {
	(void)argc; (void)argv;
	return 0;
}

<==
[1/2] Compiling [32mbuild/.conf_check_9f4e1a1ff328a1e8411b45269d846fdb/test.cpp[0m

['/usr/bin/g++', '-D_GLIBCXX_USE_CXX11_ABI=0', '-march=native', '-fstrict-overflow', '-Wstrict-overflow=2', '-std=c++14', '-I/home/max/repos/reinforcement-learning-for-per-flow-buffer-sizing/libtorch/include', '-I/home/max/repos/reinforcement-learning-for-per-flow-buffer-sizing/libtorch/include/torch/csrc/api/include', '-DNS3_BUILD_PROFILE_OPTIMIZED', '-DHAVE_SYS_IOCTL_H=1', '../test.cpp', '-c', '-o/home/max/repos/reinforcement-learning-for-per-flow-buffer-sizing/ns-allinone-3.30.1/ns-3.30.1/build/.conf_check_9f4e1a1ff328a1e8411b45269d846fdb/testbuild/test.cpp.1.o']
[2/2] Linking [33mbuild/.conf_check_9f4e1a1ff328a1e8411b45269d846fdb/testbuild/testprog[0m

['/usr/bin/g++', '-L/home/max/repos/reinforcement-learning-for-per-flow-buffer-sizing/libtorch/lib', '-ltorch', '-ltorch_cpu', '-lc10', 'test.cpp.1.o', '-o/home/max/repos/reinforcement-learning-for-per-flow-buffer-sizing/ns-allinone-3.30.1/ns-3.30.1/build/.conf_check_9f4e1a1ff328a1e8411b45269d846fdb/testbuild/testprog', '-Wl,-Bstatic', '-Wl,-Bdynamic']
yes
--------------------------------------------------------------------------
Checking for header net/ethernet.h
==>
#include <net/ethernet.h>

int main(int argc, char **argv) {
	(void)argc; (void)argv;
	return 0;
}

<==
[1/2] Compiling [32mbuild/.conf_check_6e41348326de2b334c4f59de3729bd6a/test.cpp[0m

['/usr/bin/g++', '-D_GLIBCXX_USE_CXX11_ABI=0', '-march=native', '-fstrict-overflow', '-Wstrict-overflow=2', '-std=c++14', '-I/home/max/repos/reinforcement-learning-for-per-flow-buffer-sizing/libtorch/include', '-I/home/max/repos/reinforcement-learning-for-per-flow-buffer-sizing/libtorch/include/torch/csrc/api/include', '-DNS3_BUILD_PROFILE_OPTIMIZED', '-DHAVE_SYS_IOCTL_H=1', '-DHAVE_IF_NETS_H=1', '../test.cpp', '-c', '-o/home/max/repos/reinforcement-learning-for-per-flow-buffer-sizing/ns-allinone-3.30.1/ns-3.30.1/build/.conf_check_6e41348326de2b334c4f59de3729bd6a/testbuild/test.cpp.1.o']
[2/2] Linking [33mbuild/.conf_check_6e41348326de2b334c4f59de3729bd6a/testbuild/testprog[0m

['/usr/bin/g++', '-L/home/max/repos/reinforcement-learning-for-per-flow-buffer-sizing/libtorch/lib', '-ltorch', '-ltorch_cpu', '-lc10', 'test.cpp.1.o', '-o/home/max/repos/reinforcement-learning-for-per-flow-buffer-sizing/ns-allinone-3.30.1/ns-3.30.1/build/.conf_check_6e41348326de2b334c4f59de3729bd6a/testbuild/testprog', '-Wl,-Bstatic', '-Wl,-Bdynamic']
yes
--------------------------------------------------------------------------
Checking for header linux/if_tun.h
==>
#include <linux/if_tun.h>

int main(int argc, char **argv) {
	(void)argc; (void)argv;
	return 0;
}

<==
[1/2] Compiling [32mbuild/.conf_check_8e878b6598e0eb4487674343c0115934/test.cpp[0m

['/usr/bin/g++', '-D_GLIBCXX_USE_CXX11_ABI=0', '-march=native', '-fstrict-overflow', '-Wstrict-overflow=2', '-std=c++14', '-I/home/max/repos/reinforcement-learning-for-per-flow-buffer-sizing/libtorch/include', '-I/home/max/repos/reinforcement-learning-for-per-flow-buffer-sizing/libtorch/include/torch/csrc/api/include', '-DNS3_BUILD_PROFILE_OPTIMIZED', '-DHAVE_SYS_IOCTL_H=1', '-DHAVE_IF_NETS_H=1', '-DHAVE_NET_ETHERNET_H=1', '../test.cpp', '-c', '-o/home/max/repos/reinforcement-learning-for-per-flow-buffer-sizing/ns-allinone-3.30.1/ns-3.30.1/build/.conf_check_8e878b6598e0eb4487674343c0115934/testbuild/test.cpp.1.o']
[2/2] Linking [33mbuild/.conf_check_8e878b6598e0eb4487674343c0115934/testbuild/testprog[0m

['/usr/bin/g++', '-L/home/max/repos/reinforcement-learning-for-per-flow-buffer-sizing/libtorch/lib', '-ltorch', '-ltorch_cpu', '-lc10', 'test.cpp.1.o', '-o/home/max/repos/reinforcement-learning-for-per-flow-buffer-sizing/ns-allinone-3.30.1/ns-3.30.1/build/.conf_check_8e878b6598e0eb4487674343c0115934/testbuild/testprog', '-Wl,-Bstatic', '-Wl,-Bdynamic']
yes
--------------------------------------------------------------------------
Checking for header netpacket/packet.h
==>
#include <netpacket/packet.h>

int main(int argc, char **argv) {
	(void)argc; (void)argv;
	return 0;
}

<==
[1/2] Compiling [32mbuild/.conf_check_fff5469bff6310ddc2b775af42c41fc5/test.cpp[0m

['/usr/bin/g++', '-D_GLIBCXX_USE_CXX11_ABI=0', '-march=native', '-fstrict-overflow', '-Wstrict-overflow=2', '-std=c++14', '-I/home/max/repos/reinforcement-learning-for-per-flow-buffer-sizing/libtorch/include', '-I/home/max/repos/reinforcement-learning-for-per-flow-buffer-sizing/libtorch/include/torch/csrc/api/include', '-DNS3_BUILD_PROFILE_OPTIMIZED', '-DHAVE_SYS_IOCTL_H=1', '-DHAVE_IF_NETS_H=1', '-DHAVE_NET_ETHERNET_H=1', '-DHAVE_IF_TUN_H=1', '../test.cpp', '-c', '-o/home/max/repos/reinforcement-learning-for-per-flow-buffer-sizing/ns-allinone-3.30.1/ns-3.30.1/build/.conf_check_fff5469bff6310ddc2b775af42c41fc5/testbuild/test.cpp.1.o']
[2/2] Linking [33mbuild/.conf_check_fff5469bff6310ddc2b775af42c41fc5/testbuild/testprog[0m

['/usr/bin/g++', '-L/home/max/repos/reinforcement-learning-for-per-flow-buffer-sizing/libtorch/lib', '-ltorch', '-ltorch_cpu', '-lc10', 'test.cpp.1.o', '-o/home/max/repos/reinforcement-learning-for-per-flow-buffer-sizing/ns-allinone-3.30.1/ns-3.30.1/build/.conf_check_fff5469bff6310ddc2b775af42c41fc5/testbuild/testprog', '-Wl,-Bstatic', '-Wl,-Bdynamic']
yes
--------------------------------------------------------------------------
Checking for NSC location
not found
--------------------------------------------------------------------------
Checking for 'sqlite3'
['/usr/bin/pkg-config', '--cflags', '--libs', 'sqlite3']
out: -lsqlite3

yes
--------------------------------------------------------------------------
Checking for header linux/if_tun.h
==>
#include <linux/if_tun.h>

int main(int argc, char **argv) {
	(void)argc; (void)argv;
	return 0;
}

<==
[1/2] Compiling [32mbuild/.conf_check_8e878b6598e0eb4487674343c0115934/test.cpp[0m

['/usr/bin/g++', '-D_GLIBCXX_USE_CXX11_ABI=0', '-march=native', '-fstrict-overflow', '-Wstrict-overflow=2', '-std=c++14', '-I/home/max/repos/reinforcement-learning-for-per-flow-buffer-sizing/libtorch/include', '-I/home/max/repos/reinforcement-learning-for-per-flow-buffer-sizing/libtorch/include/torch/csrc/api/include', '-DNS3_BUILD_PROFILE_OPTIMIZED', '-DHAVE_SYS_IOCTL_H=1', '-DHAVE_IF_NETS_H=1', '-DHAVE_NET_ETHERNET_H=1', '-DHAVE_PACKET_H=1', '-DHAVE_SQLITE3=1', '../test.cpp', '-c', '-o/home/max/repos/reinforcement-learning-for-per-flow-buffer-sizing/ns-allinone-3.30.1/ns-3.30.1/build/.conf_check_8e878b6598e0eb4487674343c0115934/testbuild/test.cpp.1.o']
[2/2] Linking [33mbuild/.conf_check_8e878b6598e0eb4487674343c0115934/testbuild/testprog[0m

['/usr/bin/g++', '-L/home/max/repos/reinforcement-learning-for-per-flow-buffer-sizing/libtorch/lib', '-ltorch', '-ltorch_cpu', '-lc10', 'test.cpp.1.o', '-o/home/max/repos/reinforcement-learning-for-per-flow-buffer-sizing/ns-allinone-3.30.1/ns-3.30.1/build/.conf_check_8e878b6598e0eb4487674343c0115934/testbuild/testprog', '-Wl,-Bstatic', '-Wl,-Bdynamic']
yes
--------------------------------------------------------------------------
Checking for python module 'gi'
['/usr/bin/python3', '-c', "\nimport gi as current_module\nversion = getattr(current_module, '__version__', None)\nif version is not None:\n\tprint(str(version))\nelse:\n\tprint('unknown version')\n"]
out: 3.30.4

3.30.4
--------------------------------------------------------------------------
Checking for python module 'gi.repository.GObject'
['/usr/bin/python3', '-c', "\nimport gi.repository.GObject as current_module\nversion = getattr(current_module, '__version__', None)\nif version is not None:\n\tprint(str(version))\nelse:\n\tprint('unknown version')\n"]
out: unknown version

ok
--------------------------------------------------------------------------
Checking for python module 'cairo'
['/usr/bin/python3', '-c', "\nimport cairo as current_module\nversion = getattr(current_module, '__version__', None)\nif version is not None:\n\tprint(str(version))\nelse:\n\tprint('unknown version')\n"]
out: unknown version

ok
--------------------------------------------------------------------------
Checking for python module 'pygraphviz'
['/usr/bin/python3', '-c', "\nimport pygraphviz as current_module\nversion = getattr(current_module, '__version__', None)\nif version is not None:\n\tprint(str(version))\nelse:\n\tprint('unknown version')\n"]
err: Traceback (most recent call last):
  File "<string>", line 2, in <module>
ModuleNotFoundError: No module named 'pygraphviz'

not found
from /home/max/repos/reinforcement-learning-for-per-flow-buffer-sizing/ns-allinone-3.30.1/ns-3.30.1/src/visualizer: Could not find the python module 'pygraphviz'
--------------------------------------------------------------------------
Checking for python module 'gi.repository.Gtk'
['/usr/bin/python3', '-c', "\nimport gi.repository.Gtk as current_module\nversion = getattr(current_module, '__version__', None)\nif version is not None:\n\tprint(str(version))\nelse:\n\tprint('unknown version')\n"]
out: unknown version

err: -c:2: PyGIWarning: Gtk was imported without specifying a version first. Use gi.require_version('Gtk', '3.0') before import to ensure that the right version gets loaded.

ok
--------------------------------------------------------------------------
Checking for python module 'gi.repository.Gdk'
['/usr/bin/python3', '-c', "\nimport gi.repository.Gdk as current_module\nversion = getattr(current_module, '__version__', None)\nif version is not None:\n\tprint(str(version))\nelse:\n\tprint('unknown version')\n"]
out: unknown version

err: -c:2: PyGIWarning: Gdk was imported without specifying a version first. Use gi.require_version('Gdk', '3.0') before import to ensure that the right version gets loaded.

ok
--------------------------------------------------------------------------
Checking for python module 'gi.repository.Pango'
['/usr/bin/python3', '-c', "\nimport gi.repository.Pango as current_module\nversion = getattr(current_module, '__version__', None)\nif version is not None:\n\tprint(str(version))\nelse:\n\tprint('unknown version')\n"]
out: unknown version

err: -c:2: PyGIWarning: Pango was imported without specifying a version first. Use gi.require_version('Pango', '1.0') before import to ensure that the right version gets loaded.

ok
--------------------------------------------------------------------------
Checking for python module 'gi.repository.GooCanvas'
['/usr/bin/python3', '-c', "\nimport gi.repository.GooCanvas as current_module\nversion = getattr(current_module, '__version__', None)\nif version is not None:\n\tprint(str(version))\nelse:\n\tprint('unknown version')\n"]
err: Traceback (most recent call last):
  File "<string>", line 2, in <module>
  File "/usr/lib/python3/dist-packages/gi/importer.py", line 133, in load_module
    'introspection typelib not found' % namespace)
ImportError: cannot import name GooCanvas, introspection typelib not found

not found
from /home/max/repos/reinforcement-learning-for-per-flow-buffer-sizing/ns-allinone-3.30.1/ns-3.30.1/src/visualizer: Could not find the python module 'gi.repository.GooCanvas'
--------------------------------------------------------------------------
Checking for program 'sudo'
/usr/bin/sudo
find program=['sudo'] paths=['/home/max/.local/bin', '/usr/local/bin', '/usr/bin', '/bin', '/usr/games', '/usr/local/go/bin', '/home/max/work/bin'] var='SUDO' -> ['/usr/bin/sudo']
--------------------------------------------------------------------------
Checking for program 'valgrind'
not found
find program=['valgrind'] paths=['/home/max/.local/bin', '/usr/local/bin', '/usr/bin', '/bin', '/usr/games', '/usr/local/go/bin', '/home/max/work/bin'] var='VALGRIND' -> None
from /home/max/repos/reinforcement-learning-for-per-flow-buffer-sizing/ns-allinone-3.30.1/ns-3.30.1: Could not find the program ['valgrind']
--------------------------------------------------------------------------
Checking for 'gsl'
['/usr/bin/pkg-config', '--cflags', '--libs', 'gsl']
err: Package gsl was not found in the pkg-config search path.
Perhaps you should add the directory containing `gsl.pc'
to the PKG_CONFIG_PATH environment variable
No package 'gsl' found

not found
from /home/max/repos/reinforcement-learning-for-per-flow-buffer-sizing/ns-allinone-3.30.1/ns-3.30.1: The configuration failed
--------------------------------------------------------------------------
libgcrypt-config
/usr/bin/libgcrypt-config
find program=['libgcrypt-config'] paths=['/home/max/.local/bin', '/usr/local/bin', '/usr/bin', '/bin', '/usr/games', '/usr/local/go/bin', '/home/max/work/bin'] var='LIBGCRYPT_CONFIG' -> ['/usr/bin/libgcrypt-config']
--------------------------------------------------------------------------
Checking for libgcrypt
['/usr/bin/libgcrypt-config', '--cflags', '--libs']
out: 
-lgcrypt

yes
--------------------------------------------------------------------------
Checking for compilation flag -fstrict-aliasing support
==>
int main() { return 0; }
<==
[1/1] Compiling [32mbuild/.conf_check_92724e97d2a8131cdbabec48e168cdc4/test.cpp[0m

['/usr/bin/g++', '-D_GLIBCXX_USE_CXX11_ABI=0', '-march=native', '-fstrict-overflow', '-Wstrict-overflow=2', '-std=c++14', '-fstrict-aliasing', '-I/home/max/repos/reinforcement-learning-for-per-flow-buffer-sizing/libtorch/include', '-I/home/max/repos/reinforcement-learning-for-per-flow-buffer-sizing/libtorch/include/torch/csrc/api/include', '-DNS3_BUILD_PROFILE_OPTIMIZED', '-DHAVE_SYS_IOCTL_H=1', '-DHAVE_IF_NETS_H=1', '-DHAVE_NET_ETHERNET_H=1', '-DHAVE_PACKET_H=1', '-DHAVE_SQLITE3=1', '-DHAVE_IF_TUN_H=1', '-DHAVE_GCRYPT=1', '../test.cpp', '-c', '-o/home/max/repos/reinforcement-learning-for-per-flow-buffer-sizing/ns-allinone-3.30.1/ns-3.30.1/build/.conf_check_92724e97d2a8131cdbabec48e168cdc4/testbuild/test.cpp.1.o']
ok
--------------------------------------------------------------------------
Checking for compilation flag -fstrict-aliasing support
==>
int main() { return 0; }
<==
[1/1] Compiling [32mbuild/.conf_check_9c1e184cb7a8ee8b2d99ea7e4214752d/test.c[0m

['/usr/bin/gcc', '-fstrict-aliasing', '-I/home/max/repos/reinforcement-learning-for-per-flow-buffer-sizing/libtorch/include', '-I/home/max/repos/reinforcement-learning-for-per-flow-buffer-sizing/libtorch/include/torch/csrc/api/include', '-DNS3_BUILD_PROFILE_OPTIMIZED', '-DHAVE_SYS_IOCTL_H=1', '-DHAVE_IF_NETS_H=1', '-DHAVE_NET_ETHERNET_H=1', '-DHAVE_PACKET_H=1', '-DHAVE_SQLITE3=1', '-DHAVE_IF_TUN_H=1', '-DHAVE_GCRYPT=1', '../test.c', '-c', '-o/home/max/repos/reinforcement-learning-for-per-flow-buffer-sizing/ns-allinone-3.30.1/ns-3.30.1/build/.conf_check_9c1e184cb7a8ee8b2d99ea7e4214752d/testbuild/test.c.1.o']
ok
--------------------------------------------------------------------------
Checking for compilation flag -Wstrict-aliasing support
==>
int main() { return 0; }
<==
[1/1] Compiling [32mbuild/.conf_check_92724e97d2a8131cdbabec48e168cdc4/test.cpp[0m

['/usr/bin/g++', '-D_GLIBCXX_USE_CXX11_ABI=0', '-march=native', '-fstrict-overflow', '-Wstrict-overflow=2', '-std=c++14', '-fstrict-aliasing', '-Wstrict-aliasing', '-I/home/max/repos/reinforcement-learning-for-per-flow-buffer-sizing/libtorch/include', '-I/home/max/repos/reinforcement-learning-for-per-flow-buffer-sizing/libtorch/include/torch/csrc/api/include', '-DNS3_BUILD_PROFILE_OPTIMIZED', '-DHAVE_SYS_IOCTL_H=1', '-DHAVE_IF_NETS_H=1', '-DHAVE_NET_ETHERNET_H=1', '-DHAVE_PACKET_H=1', '-DHAVE_SQLITE3=1', '-DHAVE_IF_TUN_H=1', '-DHAVE_GCRYPT=1', '../test.cpp', '-c', '-o/home/max/repos/reinforcement-learning-for-per-flow-buffer-sizing/ns-allinone-3.30.1/ns-3.30.1/build/.conf_check_92724e97d2a8131cdbabec48e168cdc4/testbuild/test.cpp.1.o']
ok
--------------------------------------------------------------------------
Checking for compilation flag -Wstrict-aliasing support
==>
int main() { return 0; }
<==
[1/1] Compiling [32mbuild/.conf_check_9c1e184cb7a8ee8b2d99ea7e4214752d/test.c[0m

['/usr/bin/gcc', '-Wstrict-aliasing', '-I/home/max/repos/reinforcement-learning-for-per-flow-buffer-sizing/libtorch/include', '-I/home/max/repos/reinforcement-learning-for-per-flow-buffer-sizing/libtorch/include/torch/csrc/api/include', '-DNS3_BUILD_PROFILE_OPTIMIZED', '-DHAVE_SYS_IOCTL_H=1', '-DHAVE_IF_NETS_H=1', '-DHAVE_NET_ETHERNET_H=1', '-DHAVE_PACKET_H=1', '-DHAVE_SQLITE3=1', '-DHAVE_IF_TUN_H=1', '-DHAVE_GCRYPT=1', '../test.c', '-c', '-o/home/max/repos/reinforcement-learning-for-per-flow-buffer-sizing/ns-allinone-3.30.1/ns-3.30.1/build/.conf_check_9c1e184cb7a8ee8b2d99ea7e4214752d/testbuild/test.c.1.o']
ok
--------------------------------------------------------------------------
Checking for program 'doxygen'
not found
find program=['doxygen'] paths=['/home/max/.local/bin', '/usr/local/bin', '/usr/bin', '/bin', '/usr/games', '/usr/local/go/bin', '/home/max/work/bin'] var='DOXYGEN' -> None
from /home/max/repos/reinforcement-learning-for-per-flow-buffer-sizing/ns-allinone-3.30.1/ns-3.30.1: Could not find the program ['doxygen']
