bw;delay;average_throughput;average_queue_length;average_max_queue_length;max_measured_queue_length;reward
5.0000000000000000000;15.0000000000000000000;592600.0000000000000000000;718.4554000000000542059;1000.0000000000000000000;1000.0000000000000000000;-9.7962650839999998453
5.2020202020202024329;15.0000000000000000000;602889.1999999999534338713;728.3465999999999667125;1000.0000000000000000000;1000.0000000000000000000;-9.9290026359999998817
5.4040404040404039776;15.0000000000000000000;602889.1999999999534338713;733.7648000000000365617;1000.0000000000000000000;1000.0000000000000000000;-10.0073498080000007349
5.6060606060606064105;15.0000000000000000000;603489.1999999999534338713;735.1191999999999779902;1000.0000000000000000000;1000.0000000000000000000;-10.0263344320000005183
5.8080808080808079552;15.0000000000000000000;603489.1999999999534338713;731.8387999999999919964;1000.0000000000000000000;1000.0000000000000000000;-9.9788998480000010716
6.0101010101010103881;15.0000000000000000000;603489.1999999999534338713;725.1513999999999668944;1000.0000000000000000000;1000.0000000000000000000;-9.8822000439999992949
6.2121212121212119328;15.0000000000000000000;603489.1999999999534338713;717.6983999999999923602;1000.0000000000000000000;1000.0000000000000000000;-9.7744296640000012388
6.4141414141414143657;15.0000000000000000000;604289.1999999999534338713;710.2677999999999656211;1000.0000000000000000000;1000.0000000000000000000;-9.6661831880000015360
6.6161616161616159104;15.0000000000000000000;604289.1999999999534338713;702.1336000000000012733;1000.0000000000000000000;1000.0000000000000000000;-9.5485626560000014251
6.8181818181818183433;15.0000000000000000000;604289.1999999999534338713;693.4754000000000360160;1000.0000000000000000000;1000.0000000000000000000;-9.4233650840000020565
7.0202020202020207762;15.0000000000000000000;812489.1999999999534338713;690.0362000000000080036;1000.0000000000000000000;1000.0000000000000000000;-9.1654342520000007255
7.2222222222222223209;15.0000000000000000000;813889.1999999999534338713;688.9647999999999683496;1000.0000000000000000000;1000.0000000000000000000;-9.1485418080000009411
7.4242424242424238656;15.0000000000000000000;812489.1999999999534338713;685.2853999999999814463;1000.0000000000000000000;1000.0000000000000000000;-9.0967376840000007121
7.6262626262626262985;15.0000000000000000000;813089.1999999999534338713;679.7309999999999945430;1000.0000000000000000000;1000.0000000000000000000;-9.0158210600000003865
7.8282828282828287314;15.0000000000000000000;820094.8000000000465661287;671.1150000000000090949;1000.0000000000000000000;1000.0000000000000000000;-8.8842280999999996283
8.0303030303030311643;15.0000000000000000000;844141.5999999999767169356;663.8275999999999612555;1000.0000000000000000000;1000.0000000000000000000;-8.7548054959999994651
8.2323232323232318208;15.0000000000000000000;868434.4000000000232830644;655.1907999999999674401;1000.0000000000000000000;1000.0000000000000000000;-8.6056245679999978648
8.4343434343434342537;15.0000000000000000000;892438.0000000000000000000;647.4438000000000101863;1000.0000000000000000000;1000.0000000000000000000;-8.4695993479999991393
8.6363636363636366866;15.0000000000000000000;915863.1999999999534338713;640.3096000000000458385;1000.0000000000000000000;1000.0000000000000000000;-8.3430136160000021306
8.8383838383838373431;15.0000000000000000000;939799.1999999999534338713;633.7984000000000150976;1000.0000000000000000000;1000.0000000000000000000;-8.2249256640000005802
9.0404040404040415524;15.0000000000000000000;963581.1999999999534338713;626.7327999999999974534;1000.0000000000000000000;1000.0000000000000000000;-8.0989750879999977684
9.2424242424242422089;15.0000000000000000000;987517.1999999999534338713;620.4876000000000431100;1000.0000000000000000000;1000.0000000000000000000;-7.9847334960000004855
9.4444444444444446418;15.0000000000000000000;1011810.0000000000000000000;614.2395999999999958163;1000.0000000000000000000;1000.0000000000000000000;-7.8700946160000002649
9.6464646464646470747;15.0000000000000000000;1035256.8000000000465661287;608.7279999999999517968;1000.0000000000000000000;1000.0000000000000000000;-7.7669500799999990903
9.8484848484848477312;15.0000000000000000000;1059260.3999999999068677425;603.0081999999999879947;1000.0000000000000000000;1000.0000000000000000000;-7.6602381720000005672
10.0505050505050501641;15.0000000000000000000;1083553.1999999999534338713;596.9692000000000007276;1000.0000000000000000000;1000.0000000000000000000;-7.5486214319999991318
10.2525252525252525970;15.0000000000000000000;1106978.3999999999068677425;592.2193999999999505235;1000.0000000000000000000;1000.0000000000000000000;-7.4565141239999999101
10.4545454545454532536;15.0000000000000000000;1131292.8000000000465661287;587.2319999999999708962;1000.0000000000000000000;1000.0000000000000000000;-7.3600819199999989451
10.6565656565656574628;15.0000000000000000000;1155274.8000000000465661287;582.1004000000000360160;1000.0000000000000000000;1000.0000000000000000000;-7.2618969840000016092
10.8585858585858581193;15.0000000000000000000;1179300.0000000000000000000;577.7093999999999596184;1000.0000000000000000000;1000.0000000000000000000;-7.1743779239999989628
11.0606060606060605522;15.0000000000000000000;1203014.3999999999068677425;573.3114000000000487489;1000.0000000000000000000;1000.0000000000000000000;-7.0870684439999998006
11.2626262626262629851;15.0000000000000000000;1226750.3999999999068677425;569.0291999999999461579;1000.0000000000000000000;1000.0000000000000000000;-7.0014118319999987250
11.4646464646464636417;15.0000000000000000000;1251043.1999999999534338713;564.7745999999999639840;1000.0000000000000000000;1000.0000000000000000000;-6.9155975159999991675
11.6666666666666678509;15.0000000000000000000;1275046.8000000000465661287;560.6746000000000549335;1000.0000000000000000000;1000.0000000000000000000;-6.8323079160000022014
11.8686868686868685074;15.0000000000000000000;1299028.8000000000465661287;556.1352000000000543878;1000.0000000000000000000;1000.0000000000000000000;-6.7426861920000016326
12.0707070707070709403;15.0000000000000000000;1322986.3999999999068677425;552.9955999999999676220;1000.0000000000000000000;1000.0000000000000000000;-6.6733299759999997747
12.2727272727272733732;15.0000000000000000000;1346411.6000000000931322575;549.4740000000000463842;1000.0000000000000000000;1000.0000000000000000000;-6.5989824400000012261
12.4747474747474740298;15.0000000000000000000;1370415.1999999999534338713;545.5739999999999554348;1000.0000000000000000000;1000.0000000000000000000;-6.5185848399999999359
12.6767676767676764626;15.0000000000000000000;1394197.1999999999534338713;542.0855999999999994543;1000.0000000000000000000;1000.0000000000000000000;-6.4443605759999993410
12.8787878787878788955;15.0000000000000000000;1417576.3999999999068677425;539.3428000000000110958;1000.0000000000000000000;1000.0000000000000000000;-6.3813204880000000685
13.0808080808080813284;15.0000000000000000000;1441869.1999999999534338713;535.5850000000000363798;1000.0000000000000000000;1000.0000000000000000000;-6.3026899000000007334
13.2828282828282819850;15.0000000000000000000;1466162.0000000000000000000;532.2776000000000067303;1000.0000000000000000000;1000.0000000000000000000;-6.2305720959999995046
13.4848484848484844179;15.0000000000000000000;1489876.3999999999068677425;529.1444000000000187356;1000.0000000000000000000;1000.0000000000000000000;-6.1615516239999994497
13.6868686868686868507;15.0000000000000000000;1513323.1999999999534338713;526.3152000000000043656;1000.0000000000000000000;1000.0000000000000000000;-6.0971945920000001351
13.8888888888888892836;15.0000000000000000000;1537883.6000000000931322575;523.1921999999999570719;1000.0000000000000000000;1000.0000000000000000000;-6.0274756119999999271
14.0909090909090899402;15.0000000000000000000;1561598.0000000000000000000;520.2694000000000187356;1000.0000000000000000000;1000.0000000000000000000;-5.9614975240000003254
14.2929292929292923731;15.0000000000000000000;1585044.8000000000465661287;517.7799999999999727152;1000.0000000000000000000;1000.0000000000000000000;-5.9020539999999988012
14.4949494949494948060;15.0000000000000000000;1608491.6000000000931322575;515.4897999999999456122;1000.0000000000000000000;1000.0000000000000000000;-5.8454909079999977095
14.6969696969696972388;15.0000000000000000000;1631916.8000000000465661287;512.8048000000000001819;1000.0000000000000000000;1000.0000000000000000000;-5.7832406079999998383
14.8989898989898996717;15.0000000000000000000;1656788.0000000000000000000;509.9807999999999879037;1000.0000000000000000000;1000.0000000000000000000;-5.7175343679999999225
15.1010101010101003283;15.0000000000000000000;1680213.1999999999534338713;507.3086000000000126420;1000.0000000000000000000;1000.0000000000000000000;-5.6554691560000005524
15.3030303030303027612;15.0000000000000000000;1703860.0000000000000000000;505.2085999999999899046;1000.0000000000000000000;1000.0000000000000000000;-5.6014563560000008025
15.5050505050505051940;15.0000000000000000000;1727931.1999999999534338713;502.6958000000000197360;1000.0000000000000000000;1000.0000000000000000000;-5.5410500680000005502
15.7070707070707076269;15.0000000000000000000;1751867.1999999999534338713;500.3519999999999754436;1000.0000000000000000000;1000.0000000000000000000;-5.4832227199999987732
15.9090909090909082835;15.0000000000000000000;1775292.3999999999068677425;498.2783999999999764441;1000.0000000000000000000;1000.0000000000000000000;-5.4298132640000007498
16.1111111111111107164;15.0000000000000000000;1799317.6000000000931322575;496.0373999999999909960;1000.0000000000000000000;1000.0000000000000000000;-5.3733832039999995800
16.3131313131313149256;15.0000000000000000000;1823610.3999999999068677425;493.7615999999999871761;1000.0000000000000000000;1000.0000000000000000000;-5.3161823359999988980
16.5151515151515155821;15.0000000000000000000;1848770.8000000000465661287;491.5552000000000134605;1000.0000000000000000000;1000.0000000000000000000;-5.2591173920000002795
16.7171717171717162387;15.0000000000000000000;1871039.1999999999534338713;489.8004000000000246473;1000.0000000000000000000;1000.0000000000000000000;-5.2114745839999994104
16.9191919191919168952;15.0000000000000000000;1894775.1999999999534338713;487.6155999999999721695;1000.0000000000000000000;1000.0000000000000000000;-5.1561463760000005863
17.1212121212121211045;15.0000000000000000000;1919068.0000000000000000000;485.4988000000000170076;1000.0000000000000000000;1000.0000000000000000000;-5.1012446479999997706
17.3232323232323253137;15.0000000000000000000;1942782.3999999999068677425;483.6909999999999740794;1000.0000000000000000000;1000.0000000000000000000;-5.0513894599999993318
17.5252525252525259702;15.0000000000000000000;1966496.8000000000465661287;481.7669999999999959073;1000.0000000000000000000;1000.0000000000000000000;-4.9998540200000007871
17.7272727272727266268;15.0000000000000000000;1990811.1999999999534338713;480.1166000000000053660;1000.0000000000000000000;1000.0000000000000000000;-4.9516748360000004681
17.9292929292929272833;15.0000000000000000000;2013947.1999999999534338713;478.3772000000000161890;1000.0000000000000000000;1000.0000000000000000000;-4.9033871119999998811
18.1313131313131314926;15.0000000000000000000;2039107.6000000000931322575;476.2868000000000279215;1000.0000000000000000000;1000.0000000000000000000;-4.8479995280000007796
18.3333333333333357018;15.0000000000000000000;2061665.1999999999534338713;474.7785999999999830834;1000.0000000000000000000;1000.0000000000000000000;-4.8036333559999997433
18.5353535353535363583;15.0000000000000000000;2086179.6000000000931322575;472.9538000000000010914;1000.0000000000000000000;1000.0000000000000000000;-4.7527323480000012168
18.7373737373737370149;15.0000000000000000000;2110540.0000000000000000000;471.1668000000000233740;1000.0000000000000000000;1000.0000000000000000000;-4.7025319280000008604
18.9393939393939376714;15.0000000000000000000;2134186.7999999998137354851;469.6628000000000042746;1000.0000000000000000000;1000.0000000000000000000;-4.6571372879999994865
19.1414141414141418807;15.0000000000000000000;2157322.7999999998137354851;468.1277999999999792635;1000.0000000000000000000;1000.0000000000000000000;-4.6118051879999999443
19.3434343434343425372;15.0000000000000000000;2180191.2000000001862645149;466.8772000000000161890;1000.0000000000000000000;1000.0000000000000000000;-4.5708531119999999959
19.5454545454545467464;15.0000000000000000000;2204484.0000000000000000000;465.3222000000000093678;1000.0000000000000000000;1000.0000000000000000000;-4.5240750119999999512
19.7474747474747474030;15.0000000000000000000;2229066.0000000000000000000;463.3543999999999982720;1000.0000000000000000000;1000.0000000000000000000;-4.4710386240000001834
19.9494949494949480595;15.0000000000000000000;2252491.2000000001862645149;462.1292000000000257387;1000.0000000000000000000;1000.0000000000000000000;-4.4298970320000004008
20.1515151515151487160;15.0000000000000000000;2276516.3999999999068677425;460.8433999999999741704;1000.0000000000000000000;1000.0000000000000000000;-4.3872791639999988433
20.3535353535353529253;15.0000000000000000000;2300230.7999999998137354851;459.2513999999999896318;1000.0000000000000000000;1000.0000000000000000000;-4.3405444439999998352
20.5555555555555571345;15.0000000000000000000;2324234.3999999999068677425;457.9227999999999951797;1000.0000000000000000000;1000.0000000000000000000;-4.2973292880000002469
20.7575757575757577911;15.0000000000000000000;2347948.7999999998137354851;456.3439999999999940883;1000.0000000000000000000;1000.0000000000000000000;-4.2507854399999995820
20.9595959595959584476;15.0000000000000000000;2371974.0000000000000000000;455.2604000000000041837;1000.0000000000000000000;1000.0000000000000000000;-4.2110913840000003816
21.1616161616161626569;15.0000000000000000000;2396266.7999999998137354851;453.8052000000000134605;1000.0000000000000000000;1000.0000000000000000000;-4.1657563919999995861
21.3636363636363633134;15.0000000000000000000;2419981.2000000001862645149;452.3034000000000105501;1000.0000000000000000000;1000.0000000000000000000;-4.1203259640000000630
21.5656565656565639699;15.0000000000000000000;2443695.6000000000931322575;451.0248000000000274667;1000.0000000000000000000;1000.0000000000000000000;-4.0781230080000012705
21.7676767676767681792;15.0000000000000000000;2467920.7999999998137354851;449.8005999999999744432;1000.0000000000000000000;1000.0000000000000000000;-4.0361958759999989610
21.9696969696969688357;15.0000000000000000000;2491924.3999999999068677425;448.5043999999999755346;1000.0000000000000000000;1000.0000000000000000000;-3.9934492239999999086
22.1717171717171730450;15.0000000000000000000;2515638.7999999998137354851;447.3383999999999787178;1000.0000000000000000000;1000.0000000000000000000;-3.9528744640000006427
22.3737373737373737015;15.0000000000000000000;2539374.7999999998137354851;446.3464000000000169166;1000.0000000000000000000;1000.0000000000000000000;-3.9147941440000004754
22.5757575757575743580;15.0000000000000000000;2563089.2000000001862645149;445.0312000000000125510;1000.0000000000000000000;1000.0000000000000000000;-3.8720619519999996960
22.7777777777777785673;15.0000000000000000000;2587382.0000000000000000000;443.7891999999999939064;1000.0000000000000000000;1000.0000000000000000000;-3.8298098319999995809
22.9797979797979792238;15.0000000000000000000;2611096.3999999999068677425;442.4954000000000178261;1000.0000000000000000000;1000.0000000000000000000;-3.7873870839999992377
23.1818181818181798803;15.0000000000000000000;2635121.6000000000931322575;441.4854000000000269210;1000.0000000000000000000;1000.0000000000000000000;-3.7487572840000003005
23.3838383838383840896;15.0000000000000000000;2659125.2000000001862645149;440.3842000000000211912;1000.0000000000000000000;1000.0000000000000000000;-3.7088303320000002294
23.5858585858585847461;15.0000000000000000000;2682839.6000000000931322575;439.1856000000000221917;1000.0000000000000000000;1000.0000000000000000000;-3.6677841759999996185
23.7878787878787889554;15.0000000000000000000;2706843.2000000001862645149;438.0713999999999828106;1000.0000000000000000000;1000.0000000000000000000;-3.6276692439999997930
23.9898989898989896119;15.0000000000000000000;2731157.6000000000931322575;437.2529999999999859028;1000.0000000000000000000;1000.0000000000000000000;-3.5915207799999997462
24.1919191919191902684;15.0000000000000000000;2754582.7999999998137354851;436.0375999999999976353;1000.0000000000000000000;1000.0000000000000000000;-3.5505208960000005369
24.3939393939393944777;15.0000000000000000000;2778586.3999999999068677425;434.9979999999999904503;1000.0000000000000000000;1000.0000000000000000000;-3.5114846799999992477
24.5959595959595951342;15.0000000000000000000;2802011.6000000000931322575;433.8811999999999784450;1000.0000000000000000000;1000.0000000000000000000;-3.4719105519999997611
24.7979797979797993435;15.0000000000000000000;2826036.7999999998137354851;432.8912000000000261934;1000.0000000000000000000;1000.0000000000000000000;-3.4335699520000004803
25.0000000000000000000;15.0000000000000000000;2850329.6000000000931322575;431.8453999999999837200;1000.0000000000000000000;1000.0000000000000000000;-3.3941548839999993170
