bw;delay;average_throughput;average_queue_length;average_max_queue_length;max_measured_queue_length;reward
15.0000000000000000000;5.0000000000000000000;1648114.8000000000465661287;75.7271999999999962938;100.0000000000000000000;100.0000000000000000000;0.5530994880000000835
15.0000000000000000000;5.2020202020202024329;1648114.8000000000465661287;75.3847999999999984766;100.0000000000000000000;100.0000000000000000000;0.5580505920000001785
15.0000000000000000000;5.4040404040404039776;1648114.8000000000465661287;75.0100000000000051159;100.0000000000000000000;100.0000000000000000000;0.5634701999999999211
15.0000000000000000000;5.6060606060606064105;1662928.8000000000465661287;75.3464000000000027057;100.0000000000000000000;100.0000000000000000000;0.5734198559999998945
15.0000000000000000000;5.8080808080808079552;1660036.8000000000465661287;74.7870000000000061391;100.0000000000000000000;100.0000000000000000000;0.5786167799999998307
15.0000000000000000000;6.0101010101010103881;1657144.8000000000465661287;74.4230000000000018190;100.0000000000000000000;100.0000000000000000000;0.5809882199999999441
15.0000000000000000000;6.2121212121212119328;1653963.6000000000931322575;74.1714000000000055479;100.0000000000000000000;100.0000000000000000000;0.5814451559999999075
15.0000000000000000000;6.4141414141414143657;1648422.8000000000465661287;74.2904000000000053205;100.0000000000000000000;100.0000000000000000000;0.5741836160000001188
15.0000000000000000000;6.6161616161616159104;1645530.8000000000465661287;73.9207999999999998408;100.0000000000000000000;100.0000000000000000000;0.5766360320000001316
15.0000000000000000000;6.8181818181818183433;1643506.3999999999068677425;73.0494000000000056616;100.0000000000000000000;100.0000000000000000000;0.5872120759999999162
15.0000000000000000000;7.0202020202020207762;1639346.8000000000465661287;72.6204000000000036152;100.0000000000000000000;100.0000000000000000000;0.5892558159999998768
15.0000000000000000000;7.2222222222222223209;1638454.8000000000465661287;73.2266000000000047976;100.0000000000000000000;100.0000000000000000000;0.5795981639999998603
15.0000000000000000000;7.4242424242424238656;1635273.6000000000931322575;72.9831999999999965212;100.0000000000000000000;100.0000000000000000000;0.5799365280000001732
15.0000000000000000000;7.6262626262626262985;1634695.1999999999534338713;72.7567999999999983629;100.0000000000000000000;100.0000000000000000000;0.5826318719999999951
15.0000000000000000000;7.8282828282828287314;1634116.8000000000465661287;72.5153999999999996362;100.0000000000000000000;100.0000000000000000000;0.5855441160000000034
15.0000000000000000000;8.0303030303030311643;1630357.1999999999534338713;72.7480000000000046612;100.0000000000000000000;100.0000000000000000000;0.5784211199999998998
15.0000000000000000000;8.2323232323232318208;1630132.8000000000465661287;72.5270000000000010232;100.0000000000000000000;100.0000000000000000000;0.5813923800000001529
15.0000000000000000000;8.4343434343434342537;1630132.8000000000465661287;72.1359999999999956799;100.0000000000000000000;100.0000000000000000000;0.5870462400000002745
15.0000000000000000000;8.6363636363636366866;1626951.6000000000931322575;71.9230000000000018190;100.0000000000000000000;100.0000000000000000000;0.5869450200000000395
15.0000000000000000000;8.8383838383838373431;1626327.1999999999534338713;72.0814000000000021373;100.0000000000000000000;100.0000000000000000000;0.5840301559999998560
15.0000000000000000000;9.0404040404040415524;1626327.1999999999534338713;72.0596000000000032060;100.0000000000000000000;100.0000000000000000000;0.5843453839999999122
15.0000000000000000000;9.2424242424242422089;1623435.1999999999534338713;71.6978000000000008640;100.0000000000000000000;100.0000000000000000000;0.5866850119999998947
15.0000000000000000000;9.4444444444444446418;1623705.6000000000931322575;71.5092000000000069804;100.0000000000000000000;100.0000000000000000000;0.5896825679999999625
15.0000000000000000000;9.6464646464646470747;1620318.8000000000465661287;71.8055999999999983174;100.0000000000000000000;100.0000000000000000000;0.5820098240000000089
15.0000000000000000000;9.8484848484848477312;1620567.6000000000931322575;71.5866000000000042292;100.0000000000000000000;100.0000000000000000000;0.5854253640000001147
15.0000000000000000000;10.0505050505050501641;1617675.6000000000931322575;71.1966000000000036607;100.0000000000000000000;100.0000000000000000000;0.5881727640000000701
15.0000000000000000000;10.2525252525252525970;1618583.6000000000931322575;70.9166000000000025238;100.0000000000000000000;100.0000000000000000000;0.5931295640000000535
15.0000000000000000000;10.4545454545454532536;1615356.3999999999068677425;71.2804000000000002046;100.0000000000000000000;100.0000000000000000000;0.5846418159999999808
15.0000000000000000000;10.6565656565656574628;1616224.0000000000000000000;70.9756000000000000227;100.0000000000000000000;100.0000000000000000000;0.5899168240000000063
15.0000000000000000000;10.8585858585858581193;1613621.1999999999534338713;70.7882000000000033424;100.0000000000000000000;100.0000000000000000000;0.5900238279999998614
15.0000000000000000000;11.0606060606060605522;1614488.8000000000465661287;70.6076000000000050250;100.0000000000000000000;100.0000000000000000000;0.5935029039999999423
15.0000000000000000000;11.2626262626262629851;1610421.1999999999534338713;70.9663999999999930424;100.0000000000000000000;100.0000000000000000000;0.5842470559999999313
15.0000000000000000000;11.4646464646464636417;1611661.6000000000931322575;70.8217999999999960892;100.0000000000000000000;100.0000000000000000000;0.5875783720000001820
15.0000000000000000000;11.6666666666666678509;1609058.8000000000465661287;70.2664000000000044110;100.0000000000000000000;100.0000000000000000000;0.5930066560000000209
15.0000000000000000000;11.8686868686868685074;1606166.8000000000465661287;69.9252000000000037971;100.0000000000000000000;100.0000000000000000000;0.5950484079999999176
15.0000000000000000000;12.0707070707070709403;1606504.8000000000465661287;70.4414000000000015689;100.0000000000000000000;100.0000000000000000000;0.5879221560000000846
15.0000000000000000000;12.2727272727272733732;1603612.8000000000465661287;70.2711999999999932243;100.0000000000000000000;100.0000000000000000000;0.5874912479999999659
15.0000000000000000000;12.4747474747474740298;1601326.3999999999068677425;69.9783999999999934971;100.0000000000000000000;100.0000000000000000000;0.5894387360000000742
15.0000000000000000000;12.6767676767676764626;1598434.3999999999068677425;69.7856000000000022965;100.0000000000000000000;100.0000000000000000000;0.5893346239999999181
15.0000000000000000000;12.8787878787878788955;1595096.3999999999068677425;69.8449999999999988631;100.0000000000000000000;100.0000000000000000000;0.5851376999999998718
15.0000000000000000000;13.0808080808080813284;1596342.3999999999068677425;69.7184000000000025921;100.0000000000000000000;100.0000000000000000000;0.5882143359999999488
15.0000000000000000000;13.2828282828282819850;1593450.3999999999068677425;69.5499999999999971578;100.0000000000000000000;100.0000000000000000000;0.5877573999999998744
15.0000000000000000000;13.4848484848484844179;1590847.6000000000931322575;69.0183999999999997499;100.0000000000000000000;99.0000000000000000000;0.5928415360000001133
15.0000000000000000000;13.6868686868686868507;1592804.3999999999068677425;69.6017999999999972260;100.0000000000000000000;100.0000000000000000000;0.5863623719999998540
15.0000000000000000000;13.8888888888888892836;1590201.6000000000931322575;69.3907999999999987040;100.0000000000000000000;100.0000000000000000000;0.5868106320000000542
15.0000000000000000000;14.0909090909090899402;1591447.6000000000931322575;69.1276000000000010459;100.0000000000000000000;100.0000000000000000000;0.5918625039999999560
15.0000000000000000000;14.2929292929292923731;1589134.0000000000000000000;68.9347999999999956344;100.0000000000000000000;100.0000000000000000000;0.5923367920000000009
15.0000000000000000000;14.4949494949494948060;1559968.0000000000000000000;69.0187999999999988177;100.0000000000000000000;100.0000000000000000000;0.5619561520000000421
15.0000000000000000000;14.6969696969696972388;1563327.6000000000931322575;68.9496000000000037744;100.0000000000000000000;100.0000000000000000000;0.5663163839999999505
15.0000000000000000000;14.8989898989898996717;1559278.8000000000465661287;68.7694000000000045247;100.0000000000000000000;100.0000000000000000000;0.5648732759999999242
15.0000000000000000000;15.1010101010101003283;1555230.0000000000000000000;68.2560000000000002274;100.0000000000000000000;100.0000000000000000000;0.5682482400000000711
15.0000000000000000000;15.3030303030303027612;1558832.8000000000465661287;69.0639999999999929514;100.0000000000000000000;100.0000000000000000000;0.5601673600000002251
15.0000000000000000000;15.5050505050505051940;1558832.8000000000465661287;68.8870000000000004547;100.0000000000000000000;100.0000000000000000000;0.5627267799999999820
15.0000000000000000000;15.7070707070707076269;1558832.8000000000465661287;68.3907999999999987040;100.0000000000000000000;100.0000000000000000000;0.5699018320000001081
15.0000000000000000000;15.9090909090909082835;1558832.8000000000465661287;68.0507999999999952934;100.0000000000000000000;100.0000000000000000000;0.5748182320000001511
15.0000000000000000000;16.1111111111111107164;1569176.3999999999068677425;68.6088000000000022283;100.0000000000000000000;100.0000000000000000000;0.5770931519999999981
15.0000000000000000000;16.3131313131313149256;1569176.3999999999068677425;68.4081999999999936790;100.0000000000000000000;100.0000000000000000000;0.5799938280000001001
15.0000000000000000000;16.5151515151515155821;1569176.3999999999068677425;67.8919999999999959073;100.0000000000000000000;100.0000000000000000000;0.5874580799999999936
15.0000000000000000000;16.7171717171717162387;1568487.1999999999534338713;68.0224000000000046384;100.0000000000000000000;100.0000000000000000000;0.5848832959999998860
15.0000000000000000000;16.9191919191919168952;1570554.8000000000465661287;68.1359999999999956799;100.0000000000000000000;100.0000000000000000000;0.5853082400000002572
15.0000000000000000000;17.1212121212121211045;1567662.8000000000465661287;67.7878000000000042746;100.0000000000000000000;100.0000000000000000000;0.5874512119999999449
15.0000000000000000000;17.3232323232323253137;1564770.8000000000465661287;67.4339999999999974989;100.0000000000000000000;100.0000000000000000000;0.5896751600000001980
15.0000000000000000000;17.5252525252525259702;1568041.1999999999534338713;67.4054000000000002046;100.0000000000000000000;100.0000000000000000000;0.5933591160000000198
15.0000000000000000000;17.7272727272727266268;1564324.8000000000465661287;67.8956000000000017280;100.0000000000000000000;100.0000000000000000000;0.5825544240000000151
15.0000000000000000000;17.9292929292929272833;1561432.8000000000465661287;67.3782000000000067530;100.0000000000000000000;100.0000000000000000000;0.5871440279999999845
15.0000000000000000000;18.1313131313131314926;1564792.3999999999068677425;67.5765999999999991132;100.0000000000000000000;100.0000000000000000000;0.5876347639999999206
15.0000000000000000000;18.3333333333333357018;1561900.3999999999068677425;67.0412000000000034561;100.0000000000000000000;100.0000000000000000000;0.5924846479999997806
15.0000000000000000000;18.5353535353535363583;1559051.6000000000931322575;67.0610000000000070486;100.0000000000000000000;100.0000000000000000000;0.5893495399999999496
15.0000000000000000000;18.7373737373737370149;1556159.6000000000931322575;66.7039999999999935199;100.0000000000000000000;100.0000000000000000000;0.5916197600000001611
15.0000000000000000000;18.9393939393939376714;1559808.3999999999068677425;66.7274000000000029331;100.0000000000000000000;100.0000000000000000000;0.5949301959999998557
15.0000000000000000000;19.1414141414141418807;1556916.3999999999068677425;66.3713999999999941792;100.0000000000000000000;100.0000000000000000000;0.5971859560000000178
15.0000000000000000000;19.3434343434343425372;1553489.1999999999534338713;66.6918000000000006366;100.0000000000000000000;100.0000000000000000000;0.5891257720000000475
15.0000000000000000000;19.5454545454545467464;1550597.1999999999534338713;66.3409999999999939746;100.0000000000000000000;100.0000000000000000000;0.5913063399999999303
15.0000000000000000000;19.7474747474747474030;1554735.1999999999534338713;66.3653999999999939519;100.0000000000000000000;100.0000000000000000000;0.5950915159999999871
15.0000000000000000000;19.9494949494949480595;1551843.1999999999534338713;66.0203999999999950887;100.0000000000000000000;100.0000000000000000000;0.5971882160000000495
15.0000000000000000000;20.1515151515151487160;1548416.0000000000000000000;66.5019999999999953388;100.0000000000000000000;100.0000000000000000000;0.5867970800000000819
15.0000000000000000000;20.3535353535353529253;1545524.0000000000000000000;66.0366000000000070713;100.0000000000000000000;100.0000000000000000000;0.5906347639999998123
15.0000000000000000000;20.5555555555555571345;1542632.0000000000000000000;65.6962000000000045929;100.0000000000000000000;100.0000000000000000000;0.5926649480000000247
15.0000000000000000000;20.7575757575757577911;1539740.0000000000000000000;65.3382000000000005002;100.0000000000000000000;100.0000000000000000000;0.5949496279999999526
15.0000000000000000000;20.9595959595959584476;1544010.3999999999068677425;66.0840000000000031832;100.0000000000000000000;100.0000000000000000000;0.5884357599999998634
15.0000000000000000000;21.1616161616161626569;1542275.1999999999534338713;65.8066000000000030923;100.0000000000000000000;100.0000000000000000000;0.5907117639999999170
15.0000000000000000000;21.3636363636363633134;1539383.1999999999534338713;65.4351999999999947022;100.0000000000000000000;100.0000000000000000000;0.5931902079999999966
15.0000000000000000000;21.5656565656565639699;1535823.6000000000931322575;65.1217999999999932470;100.0000000000000000000;100.0000000000000000000;0.5941623720000002162
15.0000000000000000000;21.7676767676767681792;1532774.8000000000465661287;65.0518000000000000682;100.0000000000000000000;100.0000000000000000000;0.5921257720000000502
15.0000000000000000000;21.9696969696969688357;1538158.8000000000465661287;65.1554000000000002046;100.0000000000000000000;100.0000000000000000000;0.5960117160000001357
15.0000000000000000000;22.1717171717171730450;1534206.0000000000000000000;64.8487999999999971124;100.0000000000000000000;100.0000000000000000000;0.5964923520000000590
15.0000000000000000000;22.3737373737373737015;1528711.1999999999534338713;65.0113999999999947477;100.0000000000000000000;100.0000000000000000000;0.5886463560000000372
15.0000000000000000000;22.5757575757575743580;1523505.6000000000931322575;64.6817999999999955207;100.0000000000000000000;100.0000000000000000000;0.5882067720000001554
15.0000000000000000000;22.7777777777777785673;1518300.0000000000000000000;64.3307999999999964302;100.0000000000000000000;100.0000000000000000000;0.5880766319999999325
15.0000000000000000000;22.9797979797979792238;1522927.1999999999534338713;64.4564000000000021373;100.0000000000000000000;100.0000000000000000000;0.5908876559999998168
15.0000000000000000000;23.1818181818181798803;1516854.0000000000000000000;64.8011999999999943611;100.0000000000000000000;100.0000000000000000000;0.5798286480000000020
15.0000000000000000000;23.3838383838383840896;1511359.1999999999534338713;64.4395999999999986585;100.0000000000000000000;100.0000000000000000000;0.5795625840000000473
15.0000000000000000000;23.5858585858585847461;1506153.6000000000931322575;64.1036000000000001364;100.0000000000000000000;100.0000000000000000000;0.5792155439999999711
15.0000000000000000000;23.7878787878787889554;1510202.3999999999068677425;64.2348000000000070031;100.0000000000000000000;100.0000000000000000000;0.5813671919999997550
15.0000000000000000000;23.9898989898989896119;1504418.3999999999068677425;64.5649999999999977263;100.0000000000000000000;100.0000000000000000000;0.5708084999999998299
15.0000000000000000000;24.1919191919191902684;1499212.8000000000465661287;64.2121999999999957254;100.0000000000000000000;100.0000000000000000000;0.5707043880000001179
15.0000000000000000000;24.3939393939393944777;1493718.0000000000000000000;63.7192000000000007276;100.0000000000000000000;100.0000000000000000000;0.5723383680000000417
15.0000000000000000000;24.5959595959595951342;1497188.3999999999068677425;63.9787999999999996703;100.0000000000000000000;100.0000000000000000000;0.5720549519999998944
15.0000000000000000000;24.7979797979797993435;1491693.6000000000931322575;64.1324000000000040700;100.0000000000000000000;100.0000000000000000000;0.5643390959999999845
15.0000000000000000000;25.0000000000000000000;1486198.8000000000465661287;63.7912000000000034561;100.0000000000000000000;100.0000000000000000000;0.5637780479999999761
